---------------------------------------------------------------
[ 2020-03-24T10:52:40+08:00 ] 192.168.2.26 GET 192.168.2.134/index.php/AppletsApi/government
[运行时间：0.828047s] [吞吐率：1.21req/s] [内存消耗：2,066.86kb] [文件加载：108]
[ info ] [ BEHAVIOR ] Run Closure @app_init [ RunTime:0.013001s ]
[ info ] [ CACHE ] INIT File
[ info ] [ BEHAVIOR ] Run Closure @app_init [ RunTime:0.042003s ]
[ info ] [ LANG ] D:\phpStudy\WWW\Wangzhan\yunlibx\thinkphp\lang\zh-cn.php
[ info ] [ ROUTE ] array (
  'type' => 'module',
  'module' => 
  array (
    0 => 'AppletsApi',
    1 => 'government',
    2 => NULL,
  ),
)
[ info ] [ HEADER ] array (
  'accept-language' => 'zh-CN,zh;q=0.9',
  'accept-encoding' => 'gzip, deflate',
  'accept' => 'text/html,application/xhtml+xml,application/xml;q=0.9,image/webp,image/apng,*/*;q=0.8,application/signed-exchange;v=b3',
  'sec-fetch-user' => '?F',
  'sec-fetch-site' => 'cross-site',
  'sec-fetch-dest' => 'document',
  'user-agent' => 'Mozilla/5.0 (iPhone; CPU iPhone OS 9_1 like Mac OS X) AppleWebKit/601.1.46 (KHTML, like Gecko) Version/9.0 Mobile/13B143 Safari/601.1 wechatdevtools/1.02.1907300 MicroMessenger/7.0.4 Language/zh_CN webview/16609_199 webdebugger miniprogramhtmlwebview miniProgram port/52305',
  'upgrade-insecure-requests' => '1',
  'connection' => 'keep-alive',
  'host' => '192.168.2.134',
  'content-length' => '',
  'content-type' => '',
)
[ info ] [ PARAM ] array (
)
[ info ] [ LOG ] INIT File
---------------------------------------------------------------
[ 2020-03-24T17:28:25+08:00 ] 192.168.2.26 GET 192.168.2.134/index.php/AppletsApi/government
[运行时间：0.038002s] [吞吐率：26.31req/s] [内存消耗：2,066.87kb] [文件加载：108]
[ info ] [ BEHAVIOR ] Run Closure @app_init [ RunTime:0.000000s ]
[ info ] [ CACHE ] INIT File
[ info ] [ BEHAVIOR ] Run Closure @app_init [ RunTime:0.004000s ]
[ info ] [ LANG ] D:\phpStudy\WWW\Wangzhan\yunlibx\thinkphp\lang\zh-cn.php
[ info ] [ ROUTE ] array (
  'type' => 'module',
  'module' => 
  array (
    0 => 'AppletsApi',
    1 => 'government',
    2 => NULL,
  ),
)
[ info ] [ HEADER ] array (
  'accept-language' => 'zh-CN,zh;q=0.9',
  'accept-encoding' => 'gzip, deflate',
  'accept' => 'text/html,application/xhtml+xml,application/xml;q=0.9,image/webp,image/apng,*/*;q=0.8,application/signed-exchange;v=b3',
  'sec-fetch-user' => '?F',
  'sec-fetch-site' => 'cross-site',
  'sec-fetch-dest' => 'document',
  'user-agent' => 'Mozilla/5.0 (iPhone; CPU iPhone OS 9_1 like Mac OS X) AppleWebKit/601.1.46 (KHTML, like Gecko) Version/9.0 Mobile/13B143 Safari/601.1 wechatdevtools/1.02.1907300 MicroMessenger/7.0.4 Language/zh_CN webview/25960_1072 webdebugger miniprogramhtmlwebview miniProgram port/52305',
  'upgrade-insecure-requests' => '1',
  'connection' => 'keep-alive',
  'host' => '192.168.2.134',
  'content-length' => '',
  'content-type' => '',
)
[ info ] [ PARAM ] array (
)
[ info ] [ LOG ] INIT File
