---------------------------------------------------------------
[ 2020-04-09T10:45:21+08:00 ] 192.168.2.134 GET 192.168.2.134/
[运行时间：1.346077s] [吞吐率：0.74req/s] [内存消耗：3,005.78kb] [文件加载：126]
[ info ] [ BEHAVIOR ] Run Closure @app_init [ RunTime:0.014001s ]
[ info ] [ CACHE ] INIT File
[ info ] [ BEHAVIOR ] Run Closure @app_init [ RunTime:0.134008s ]
[ info ] [ LANG ] D:\phpStudy\WWW\Wangzhan\yunlibx\thinkphp\lang\zh-cn.php
[ info ] [ ROUTE ] array (
  'type' => 'module',
  'module' => 
  array (
    0 => '',
    1 => NULL,
    2 => NULL,
  ),
)
[ info ] [ HEADER ] array (
  'accept-language' => 'zh-CN,zh;q=0.9',
  'accept-encoding' => 'gzip, deflate',
  'accept' => 'text/html,application/xhtml+xml,application/xml;q=0.9,image/webp,image/apng,*/*;q=0.8,application/signed-exchange;v=b3;q=0.9',
  'user-agent' => 'Mozilla/5.0 (Windows NT 6.1; WOW64) AppleWebKit/537.36 (KHTML, like Gecko) Chrome/80.0.3987.163 Safari/537.36',
  'upgrade-insecure-requests' => '1',
  'cache-control' => 'max-age=0',
  'connection' => 'keep-alive',
  'host' => '192.168.2.134',
  'content-length' => '',
  'content-type' => '',
)
[ info ] [ PARAM ] array (
)
[ info ] [ LANG ] D:\phpStudy\WWW\Wangzhan\yunlibx\public/../application/admin\lang\zh-cn.php
[ info ] [ BEHAVIOR ] Run app\common\behavior\Common @module_init [ RunTime:0.060003s ]
[ info ] [ SESSION ] INIT array (
  'id' => '',
  'var_session_id' => '',
  'prefix' => 'think',
  'type' => '',
  'auto_start' => true,
)
[ info ] [ BEHAVIOR ] Run app\admin\behavior\AdminLog @app_end [ RunTime:0.001000s ]
[ info ] [ LOG ] INIT File
---------------------------------------------------------------
[ 2020-04-09T10:45:21+08:00 ] 192.168.2.134 GET 192.168.2.134/admin/index/login
[运行时间：0.224013s] [吞吐率：4.46req/s] [内存消耗：3,601.86kb] [文件加载：131]
[ info ] [ BEHAVIOR ] Run Closure @app_init [ RunTime:0.000000s ]
[ info ] [ CACHE ] INIT File
[ info ] [ BEHAVIOR ] Run Closure @app_init [ RunTime:0.003000s ]
[ info ] [ LANG ] D:\phpStudy\WWW\Wangzhan\yunlibx\thinkphp\lang\zh-cn.php
[ info ] [ ROUTE ] array (
  'type' => 'module',
  'module' => 
  array (
    0 => 'admin',
    1 => 'index',
    2 => 'login',
  ),
)
[ info ] [ HEADER ] array (
  'cookie' => 'PHPSESSID=n6dcr0gnlh8i5agrvo6aq4au9a',
  'accept-language' => 'zh-CN,zh;q=0.9',
  'accept-encoding' => 'gzip, deflate',
  'accept' => 'text/html,application/xhtml+xml,application/xml;q=0.9,image/webp,image/apng,*/*;q=0.8,application/signed-exchange;v=b3;q=0.9',
  'user-agent' => 'Mozilla/5.0 (Windows NT 6.1; WOW64) AppleWebKit/537.36 (KHTML, like Gecko) Chrome/80.0.3987.163 Safari/537.36',
  'upgrade-insecure-requests' => '1',
  'cache-control' => 'max-age=0',
  'connection' => 'keep-alive',
  'host' => '192.168.2.134',
  'content-length' => '',
  'content-type' => '',
)
[ info ] [ PARAM ] array (
)
[ info ] [ LANG ] D:\phpStudy\WWW\Wangzhan\yunlibx\public/../application/admin\lang\zh-cn.php
[ info ] [ BEHAVIOR ] Run app\common\behavior\Common @module_init [ RunTime:0.010001s ]
[ info ] [ SESSION ] INIT array (
  'id' => '',
  'var_session_id' => '',
  'prefix' => 'think',
  'type' => '',
  'auto_start' => true,
)
[ info ] [ LANG ] D:\phpStudy\WWW\Wangzhan\yunlibx\public/../application/admin/lang/zh-cn/index.php
[ info ] [ RUN ] app\admin\controller\Index->login[ D:\phpStudy\WWW\Wangzhan\yunlibx\application\admin\controller\Index.php ]
[ info ] [ VIEW ] D:\phpStudy\WWW\Wangzhan\yunlibx\public/../application/admin\view\index\login.html [ array (
  0 => 'breadcrumb',
  1 => 'site',
  2 => 'config',
  3 => 'auth',
  4 => 'admin',
  5 => 'background',
  6 => 'title',
) ]
[ info ] [ BEHAVIOR ] Run app\admin\behavior\AdminLog @app_end [ RunTime:0.000000s ]
[ info ] [ LOG ] INIT File
---------------------------------------------------------------
[ 2020-04-09T10:45:21+08:00 ] 192.168.2.134 GET 192.168.2.134/index.php?s=/captcha
[运行时间：0.134008s] [吞吐率：7.46req/s] [内存消耗：2,106.63kb] [文件加载：107]
[ info ] [ BEHAVIOR ] Run Closure @app_init [ RunTime:0.000000s ]
[ info ] [ CACHE ] INIT File
[ info ] [ BEHAVIOR ] Run Closure @app_init [ RunTime:0.003001s ]
[ info ] [ LANG ] D:\phpStudy\WWW\Wangzhan\yunlibx\thinkphp\lang\zh-cn.php
[ info ] [ ROUTE ] array (
  'type' => 'method',
  'method' => 
  array (
    0 => '\\think\\captcha\\CaptchaController',
    1 => 'index',
  ),
  'var' => 
  array (
  ),
)
[ info ] [ HEADER ] array (
  'cookie' => 'PHPSESSID=n6dcr0gnlh8i5agrvo6aq4au9a',
  'accept-language' => 'zh-CN,zh;q=0.9',
  'accept-encoding' => 'gzip, deflate',
  'referer' => 'http://192.168.2.134/admin/index/login',
  'accept' => 'image/webp,image/apng,image/*,*/*;q=0.8',
  'user-agent' => 'Mozilla/5.0 (Windows NT 6.1; WOW64) AppleWebKit/537.36 (KHTML, like Gecko) Chrome/80.0.3987.163 Safari/537.36',
  'connection' => 'keep-alive',
  'host' => '192.168.2.134',
  'content-length' => '',
  'content-type' => '',
)
[ info ] [ PARAM ] array (
  'id' => NULL,
)
[ info ] [ RUN ] think\captcha\CaptchaController->index[ D:\phpStudy\WWW\Wangzhan\yunlibx\vendor\topthink\think-captcha\src\CaptchaController.php ]
[ info ] [ SESSION ] INIT array (
  'id' => '',
  'var_session_id' => '',
  'prefix' => 'think',
  'type' => '',
  'auto_start' => true,
)
[ info ] [ LOG ] INIT File
---------------------------------------------------------------
[ 2020-04-09T10:45:23+08:00 ] 192.168.2.134 GET 192.168.2.134/admin/ajax/lang?callback=define&controllername=index&v=1586400321
[运行时间：0.085005s] [吞吐率：11.76req/s] [内存消耗：3,460.25kb] [文件加载：129]
[ info ] [ BEHAVIOR ] Run Closure @app_init [ RunTime:0.000000s ]
[ info ] [ CACHE ] INIT File
[ info ] [ BEHAVIOR ] Run Closure @app_init [ RunTime:0.004000s ]
[ info ] [ LANG ] D:\phpStudy\WWW\Wangzhan\yunlibx\thinkphp\lang\zh-cn.php
[ info ] [ ROUTE ] array (
  'type' => 'module',
  'module' => 
  array (
    0 => 'admin',
    1 => 'ajax',
    2 => 'lang',
  ),
)
[ info ] [ HEADER ] array (
  'cookie' => 'PHPSESSID=n6dcr0gnlh8i5agrvo6aq4au9a',
  'accept-language' => 'zh-CN,zh;q=0.9',
  'accept-encoding' => 'gzip, deflate',
  'referer' => 'http://192.168.2.134/admin/index/login',
  'accept' => '*/*',
  'user-agent' => 'Mozilla/5.0 (Windows NT 6.1; WOW64) AppleWebKit/537.36 (KHTML, like Gecko) Chrome/80.0.3987.163 Safari/537.36',
  'connection' => 'keep-alive',
  'host' => '192.168.2.134',
  'content-length' => '',
  'content-type' => '',
)
[ info ] [ PARAM ] array (
  'callback' => 'define',
  'controllername' => 'index',
  'v' => '1586400321',
)
[ info ] [ LANG ] D:\phpStudy\WWW\Wangzhan\yunlibx\public/../application/admin\lang\zh-cn.php
[ info ] [ BEHAVIOR ] Run app\common\behavior\Common @module_init [ RunTime:0.002000s ]
[ info ] [ SESSION ] INIT array (
  'id' => '',
  'var_session_id' => '',
  'prefix' => 'think',
  'type' => '',
  'auto_start' => true,
)
[ info ] [ LANG ] D:\phpStudy\WWW\Wangzhan\yunlibx\public/../application/admin/lang/zh-cn/ajax.php
[ info ] [ RUN ] app\admin\controller\Ajax->lang[ D:\phpStudy\WWW\Wangzhan\yunlibx\application\admin\controller\Ajax.php ]
[ info ] [ LANG ] D:\phpStudy\WWW\Wangzhan\yunlibx\public/../application/admin/lang/zh-cn/index.php
[ info ] [ BEHAVIOR ] Run app\admin\behavior\AdminLog @app_end [ RunTime:0.001000s ]
[ info ] [ LOG ] INIT File
---------------------------------------------------------------
[ 2020-04-09T10:45:36+08:00 ] 192.168.2.134 POST 192.168.2.134/admin/index/login
[运行时间：0.601034s] [吞吐率：1.66req/s] [内存消耗：4,321.26kb] [文件加载：139]
[ info ] [ BEHAVIOR ] Run Closure @app_init [ RunTime:0.000000s ]
[ info ] [ CACHE ] INIT File
[ info ] [ BEHAVIOR ] Run Closure @app_init [ RunTime:0.003000s ]
[ info ] [ LANG ] D:\phpStudy\WWW\Wangzhan\yunlibx\thinkphp\lang\zh-cn.php
[ info ] [ ROUTE ] array (
  'type' => 'module',
  'module' => 
  array (
    0 => 'admin',
    1 => 'index',
    2 => 'login',
  ),
)
[ info ] [ HEADER ] array (
  'cookie' => 'PHPSESSID=n6dcr0gnlh8i5agrvo6aq4au9a',
  'accept-language' => 'zh-CN,zh;q=0.9',
  'accept-encoding' => 'gzip, deflate',
  'referer' => 'http://192.168.2.134/admin/index/login',
  'origin' => 'http://192.168.2.134',
  'content-type' => 'application/x-www-form-urlencoded; charset=UTF-8',
  'user-agent' => 'Mozilla/5.0 (Windows NT 6.1; WOW64) AppleWebKit/537.36 (KHTML, like Gecko) Chrome/80.0.3987.163 Safari/537.36',
  'x-requested-with' => 'XMLHttpRequest',
  'accept' => 'application/json, text/javascript, */*; q=0.01',
  'content-length' => '90',
  'connection' => 'keep-alive',
  'host' => '192.168.2.134',
)
[ info ] [ PARAM ] array (
  '__token__' => '812fcde672ca3f8a88900e37696d9359',
  'username' => 'admin',
  'password' => 'yunlib2020',
  'captcha' => 'baxq',
)
[ info ] [ LANG ] D:\phpStudy\WWW\Wangzhan\yunlibx\public/../application/admin\lang\zh-cn.php
[ info ] [ BEHAVIOR ] Run app\common\behavior\Common @module_init [ RunTime:0.002000s ]
[ info ] [ SESSION ] INIT array (
  'id' => '',
  'var_session_id' => '',
  'prefix' => 'think',
  'type' => '',
  'auto_start' => true,
)
[ info ] [ LANG ] D:\phpStudy\WWW\Wangzhan\yunlibx\public/../application/admin/lang/zh-cn/index.php
[ info ] [ RUN ] app\admin\controller\Index->login[ D:\phpStudy\WWW\Wangzhan\yunlibx\application\admin\controller\Index.php ]
[ info ] [ DB ] INIT mysql
[ info ] [ BEHAVIOR ] Run app\admin\behavior\AdminLog @app_end [ RunTime:0.101005s ]
[ info ] [ LOG ] INIT File
[ sql ] [ DB ] CONNECT:[ UseTime:0.078005s ] mysql:host=127.0.0.1;port=3306;dbname=yunlibx;charset=utf8
[ sql ] [ SQL ] SHOW COLUMNS FROM `fa_admin` [ RunTime:0.220012s ]
[ sql ] [ SQL ] SELECT * FROM `fa_admin` WHERE  `username` = 'admin' LIMIT 1 [ RunTime:0.013001s ]
[ sql ] [ SQL ] UPDATE `fa_admin`  SET `logintime`=1586400335,`token`='7d125b6d-8596-4174-bc1e-84eb4d58b22e',`updatetime`=1586400335  WHERE  `id` = 1 [ RunTime:0.032002s ]
[ sql ] [ SQL ] SHOW COLUMNS FROM `fa_admin_log` [ RunTime:0.074004s ]
[ sql ] [ SQL ] INSERT INTO `fa_admin_log` (`title` , `content` , `url` , `admin_id` , `username` , `useragent` , `ip` , `createtime`) VALUES ('登录' , '{\"__token__\":\"812fcde672ca3f8a88900e37696d9359\",\"username\":\"admin\",\"captcha\":\"baxq\"}' , '/admin/index/login' , 1 , 'admin' , 'Mozilla/5.0 (Windows NT 6.1; WOW64) AppleWebKit/537.36 (KHTML, like Gecko) Chrome/80.0.3987.163 Safari/537.36' , '192.168.2.134' , 1586400335) [ RunTime:0.025001s ]
---------------------------------------------------------------
[ 2020-04-09T10:45:36+08:00 ] 192.168.2.134 GET 192.168.2.134/admin/index/index
[运行时间：0.504028s] [吞吐率：1.98req/s] [内存消耗：4,609.42kb] [文件加载：148]
[ info ] [ BEHAVIOR ] Run Closure @app_init [ RunTime:0.000000s ]
[ info ] [ CACHE ] INIT File
[ info ] [ BEHAVIOR ] Run Closure @app_init [ RunTime:0.003000s ]
[ info ] [ LANG ] D:\phpStudy\WWW\Wangzhan\yunlibx\thinkphp\lang\zh-cn.php
[ info ] [ ROUTE ] array (
  'type' => 'module',
  'module' => 
  array (
    0 => 'admin',
    1 => 'index',
    2 => 'index',
  ),
)
[ info ] [ HEADER ] array (
  'cookie' => 'PHPSESSID=n6dcr0gnlh8i5agrvo6aq4au9a',
  'accept-language' => 'zh-CN,zh;q=0.9',
  'accept-encoding' => 'gzip, deflate',
  'referer' => 'http://192.168.2.134/admin/index/login',
  'accept' => 'text/html,application/xhtml+xml,application/xml;q=0.9,image/webp,image/apng,*/*;q=0.8,application/signed-exchange;v=b3;q=0.9',
  'user-agent' => 'Mozilla/5.0 (Windows NT 6.1; WOW64) AppleWebKit/537.36 (KHTML, like Gecko) Chrome/80.0.3987.163 Safari/537.36',
  'upgrade-insecure-requests' => '1',
  'connection' => 'keep-alive',
  'host' => '192.168.2.134',
  'content-length' => '',
  'content-type' => '',
)
[ info ] [ PARAM ] array (
)
[ info ] [ LANG ] D:\phpStudy\WWW\Wangzhan\yunlibx\public/../application/admin\lang\zh-cn.php
[ info ] [ BEHAVIOR ] Run app\common\behavior\Common @module_init [ RunTime:0.002000s ]
[ info ] [ SESSION ] INIT array (
  'id' => '',
  'var_session_id' => '',
  'prefix' => 'think',
  'type' => '',
  'auto_start' => true,
)
[ info ] [ DB ] INIT mysql
[ info ] [ LANG ] D:\phpStudy\WWW\Wangzhan\yunlibx\public/../application/admin/lang/zh-cn/index.php
[ info ] [ RUN ] app\admin\controller\Index->index[ D:\phpStudy\WWW\Wangzhan\yunlibx\application\admin\controller\Index.php ]
[ info ] [ VIEW ] D:\phpStudy\WWW\Wangzhan\yunlibx\public/../application/admin\view\index\index.html [ array (
  0 => 'breadcrumb',
  1 => 'site',
  2 => 'config',
  3 => 'auth',
  4 => 'admin',
  5 => 'menulist',
  6 => 'navlist',
  7 => 'fixedmenu',
  8 => 'referermenu',
  9 => 'title',
) ]
[ info ] [ BEHAVIOR ] Run app\admin\behavior\AdminLog @app_end [ RunTime:0.000000s ]
[ info ] [ LOG ] INIT File
[ sql ] [ DB ] CONNECT:[ UseTime:0.010001s ] mysql:host=127.0.0.1;port=3306;dbname=yunlibx;charset=utf8
[ sql ] [ SQL ] SHOW COLUMNS FROM `fa_auth_group_access` [ RunTime:0.051003s ]
[ sql ] [ SQL ] SELECT `aga`.`uid`,`aga`.`group_id`,`ag`.`id`,`ag`.`pid`,`ag`.`name`,`ag`.`rules` FROM `fa_auth_group_access` `aga` LEFT JOIN `fa_auth_group` `ag` ON `aga`.`group_id`=`ag`.`id` WHERE  (  aga.uid='1' and ag.status='normal' ) [ RunTime:0.008000s ]
[ sql ] [ SQL ] SHOW COLUMNS FROM `fa_auth_rule` [ RunTime:0.024002s ]
[ sql ] [ SQL ] SELECT `id`,`pid`,`condition`,`icon`,`name`,`title`,`ismenu` FROM `fa_auth_rule` WHERE  `status` = 'normal' [ RunTime:0.002000s ]
[ sql ] [ SQL ] SELECT `name`,`pid` FROM `fa_auth_rule` WHERE  `status` = 'normal'  AND `ismenu` = 0  AND `name` LIKE '%/index' [ RunTime:0.004000s ]
---------------------------------------------------------------
[ 2020-04-09T10:45:36+08:00 ] 192.168.2.134 GET 192.168.2.134/admin/product/index?addtabs=1
[运行时间：0.118006s] [吞吐率：8.47req/s] [内存消耗：4,328.91kb] [文件加载：135]
[ info ] [ BEHAVIOR ] Run Closure @app_init [ RunTime:0.000000s ]
[ info ] [ CACHE ] INIT File
[ info ] [ BEHAVIOR ] Run Closure @app_init [ RunTime:0.003000s ]
[ info ] [ LANG ] D:\phpStudy\WWW\Wangzhan\yunlibx\thinkphp\lang\zh-cn.php
[ info ] [ ROUTE ] array (
  'type' => 'module',
  'module' => 
  array (
    0 => 'admin',
    1 => 'product',
    2 => 'index',
  ),
)
[ info ] [ HEADER ] array (
  'cookie' => 'PHPSESSID=n6dcr0gnlh8i5agrvo6aq4au9a',
  'accept-language' => 'zh-CN,zh;q=0.9',
  'accept-encoding' => 'gzip, deflate',
  'referer' => 'http://192.168.2.134/admin/index/index',
  'accept' => 'text/html,application/xhtml+xml,application/xml;q=0.9,image/webp,image/apng,*/*;q=0.8,application/signed-exchange;v=b3;q=0.9',
  'user-agent' => 'Mozilla/5.0 (Windows NT 6.1; WOW64) AppleWebKit/537.36 (KHTML, like Gecko) Chrome/80.0.3987.163 Safari/537.36',
  'upgrade-insecure-requests' => '1',
  'connection' => 'keep-alive',
  'host' => '192.168.2.134',
  'content-length' => '',
  'content-type' => '',
)
[ info ] [ PARAM ] array (
  'addtabs' => '1',
)
[ info ] [ LANG ] D:\phpStudy\WWW\Wangzhan\yunlibx\public/../application/admin\lang\zh-cn.php
[ info ] [ BEHAVIOR ] Run app\common\behavior\Common @module_init [ RunTime:0.002000s ]
[ info ] [ SESSION ] INIT array (
  'id' => '',
  'var_session_id' => '',
  'prefix' => 'think',
  'type' => '',
  'auto_start' => true,
)
[ info ] [ DB ] INIT mysql
[ info ] [ RUN ] app\admin\controller\Product->index[ D:\phpStudy\WWW\Wangzhan\yunlibx\application\admin\controller\Product.php ]
[ info ] [ VIEW ] D:\phpStudy\WWW\Wangzhan\yunlibx\public/../application/admin\view\product\index.html [ array (
  0 => 'breadcrumb',
  1 => 'site',
  2 => 'config',
  3 => 'auth',
  4 => 'admin',
) ]
[ info ] [ BEHAVIOR ] Run app\admin\behavior\AdminLog @app_end [ RunTime:0.000000s ]
[ info ] [ LOG ] INIT File
[ sql ] [ DB ] CONNECT:[ UseTime:0.011001s ] mysql:host=127.0.0.1;port=3306;dbname=yunlibx;charset=utf8
[ sql ] [ SQL ] SHOW COLUMNS FROM `fa_auth_group_access` [ RunTime:0.009000s ]
[ sql ] [ SQL ] SELECT `aga`.`uid`,`aga`.`group_id`,`ag`.`id`,`ag`.`pid`,`ag`.`name`,`ag`.`rules` FROM `fa_auth_group_access` `aga` LEFT JOIN `fa_auth_group` `ag` ON `aga`.`group_id`=`ag`.`id` WHERE  (  aga.uid='1' and ag.status='normal' ) [ RunTime:0.001000s ]
[ sql ] [ SQL ] SHOW COLUMNS FROM `fa_auth_rule` [ RunTime:0.011001s ]
[ sql ] [ SQL ] SELECT `id`,`pid`,`condition`,`icon`,`name`,`title`,`ismenu` FROM `fa_auth_rule` WHERE  `status` = 'normal' [ RunTime:0.001000s ]
[ sql ] [ SQL ] SELECT `title`,`remark` FROM `fa_auth_rule` WHERE  `name` = 'product' LIMIT 1 [ RunTime:0.000000s ]
---------------------------------------------------------------
[ 2020-04-09T10:45:36+08:00 ] 192.168.2.134 GET 192.168.2.134/admin/ajax/lang?callback=define&controllername=index&v=1586400336
[运行时间：0.089005s] [吞吐率：11.24req/s] [内存消耗：4,374.96kb] [文件加载：136]
[ info ] [ BEHAVIOR ] Run Closure @app_init [ RunTime:0.000000s ]
[ info ] [ CACHE ] INIT File
[ info ] [ BEHAVIOR ] Run Closure @app_init [ RunTime:0.003000s ]
[ info ] [ LANG ] D:\phpStudy\WWW\Wangzhan\yunlibx\thinkphp\lang\zh-cn.php
[ info ] [ ROUTE ] array (
  'type' => 'module',
  'module' => 
  array (
    0 => 'admin',
    1 => 'ajax',
    2 => 'lang',
  ),
)
[ info ] [ HEADER ] array (
  'cookie' => 'PHPSESSID=n6dcr0gnlh8i5agrvo6aq4au9a',
  'accept-language' => 'zh-CN,zh;q=0.9',
  'accept-encoding' => 'gzip, deflate',
  'referer' => 'http://192.168.2.134/admin/index/index',
  'accept' => '*/*',
  'user-agent' => 'Mozilla/5.0 (Windows NT 6.1; WOW64) AppleWebKit/537.36 (KHTML, like Gecko) Chrome/80.0.3987.163 Safari/537.36',
  'connection' => 'keep-alive',
  'host' => '192.168.2.134',
  'content-length' => '',
  'content-type' => '',
)
[ info ] [ PARAM ] array (
  'callback' => 'define',
  'controllername' => 'index',
  'v' => '1586400336',
)
[ info ] [ LANG ] D:\phpStudy\WWW\Wangzhan\yunlibx\public/../application/admin\lang\zh-cn.php
[ info ] [ BEHAVIOR ] Run app\common\behavior\Common @module_init [ RunTime:0.001000s ]
[ info ] [ SESSION ] INIT array (
  'id' => '',
  'var_session_id' => '',
  'prefix' => 'think',
  'type' => '',
  'auto_start' => true,
)
[ info ] [ DB ] INIT mysql
[ info ] [ LANG ] D:\phpStudy\WWW\Wangzhan\yunlibx\public/../application/admin/lang/zh-cn/ajax.php
[ info ] [ RUN ] app\admin\controller\Ajax->lang[ D:\phpStudy\WWW\Wangzhan\yunlibx\application\admin\controller\Ajax.php ]
[ info ] [ LANG ] D:\phpStudy\WWW\Wangzhan\yunlibx\public/../application/admin/lang/zh-cn/index.php
[ info ] [ BEHAVIOR ] Run app\admin\behavior\AdminLog @app_end [ RunTime:0.000000s ]
[ info ] [ LOG ] INIT File
[ sql ] [ DB ] CONNECT:[ UseTime:0.010000s ] mysql:host=127.0.0.1;port=3306;dbname=yunlibx;charset=utf8
[ sql ] [ SQL ] SHOW COLUMNS FROM `fa_auth_group_access` [ RunTime:0.009001s ]
[ sql ] [ SQL ] SELECT `aga`.`uid`,`aga`.`group_id`,`ag`.`id`,`ag`.`pid`,`ag`.`name`,`ag`.`rules` FROM `fa_auth_group_access` `aga` LEFT JOIN `fa_auth_group` `ag` ON `aga`.`group_id`=`ag`.`id` WHERE  (  aga.uid='1' and ag.status='normal' ) [ RunTime:0.001000s ]
[ sql ] [ SQL ] SHOW COLUMNS FROM `fa_auth_rule` [ RunTime:0.009000s ]
[ sql ] [ SQL ] SELECT `id`,`pid`,`condition`,`icon`,`name`,`title`,`ismenu` FROM `fa_auth_rule` WHERE  `status` = 'normal' [ RunTime:0.002001s ]
---------------------------------------------------------------
[ 2020-04-09T10:45:37+08:00 ] 192.168.2.134 GET 192.168.2.134/admin/ajax/lang?callback=define&controllername=product&v=1586400336
[运行时间：0.091005s] [吞吐率：10.99req/s] [内存消耗：4,370.59kb] [文件加载：135]
[ info ] [ BEHAVIOR ] Run Closure @app_init [ RunTime:0.000000s ]
[ info ] [ CACHE ] INIT File
[ info ] [ BEHAVIOR ] Run Closure @app_init [ RunTime:0.003000s ]
[ info ] [ LANG ] D:\phpStudy\WWW\Wangzhan\yunlibx\thinkphp\lang\zh-cn.php
[ info ] [ ROUTE ] array (
  'type' => 'module',
  'module' => 
  array (
    0 => 'admin',
    1 => 'ajax',
    2 => 'lang',
  ),
)
[ info ] [ HEADER ] array (
  'cookie' => 'PHPSESSID=n6dcr0gnlh8i5agrvo6aq4au9a',
  'accept-language' => 'zh-CN,zh;q=0.9',
  'accept-encoding' => 'gzip, deflate',
  'referer' => 'http://192.168.2.134/admin/product/index?addtabs=1',
  'accept' => '*/*',
  'user-agent' => 'Mozilla/5.0 (Windows NT 6.1; WOW64) AppleWebKit/537.36 (KHTML, like Gecko) Chrome/80.0.3987.163 Safari/537.36',
  'connection' => 'keep-alive',
  'host' => '192.168.2.134',
  'content-length' => '',
  'content-type' => '',
)
[ info ] [ PARAM ] array (
  'callback' => 'define',
  'controllername' => 'product',
  'v' => '1586400336',
)
[ info ] [ LANG ] D:\phpStudy\WWW\Wangzhan\yunlibx\public/../application/admin\lang\zh-cn.php
[ info ] [ BEHAVIOR ] Run app\common\behavior\Common @module_init [ RunTime:0.001000s ]
[ info ] [ SESSION ] INIT array (
  'id' => '',
  'var_session_id' => '',
  'prefix' => 'think',
  'type' => '',
  'auto_start' => true,
)
[ info ] [ DB ] INIT mysql
[ info ] [ LANG ] D:\phpStudy\WWW\Wangzhan\yunlibx\public/../application/admin/lang/zh-cn/ajax.php
[ info ] [ RUN ] app\admin\controller\Ajax->lang[ D:\phpStudy\WWW\Wangzhan\yunlibx\application\admin\controller\Ajax.php ]
[ info ] [ BEHAVIOR ] Run app\admin\behavior\AdminLog @app_end [ RunTime:0.001000s ]
[ info ] [ LOG ] INIT File
[ sql ] [ DB ] CONNECT:[ UseTime:0.011001s ] mysql:host=127.0.0.1;port=3306;dbname=yunlibx;charset=utf8
[ sql ] [ SQL ] SHOW COLUMNS FROM `fa_auth_group_access` [ RunTime:0.010000s ]
[ sql ] [ SQL ] SELECT `aga`.`uid`,`aga`.`group_id`,`ag`.`id`,`ag`.`pid`,`ag`.`name`,`ag`.`rules` FROM `fa_auth_group_access` `aga` LEFT JOIN `fa_auth_group` `ag` ON `aga`.`group_id`=`ag`.`id` WHERE  (  aga.uid='1' and ag.status='normal' ) [ RunTime:0.000000s ]
[ sql ] [ SQL ] SHOW COLUMNS FROM `fa_auth_rule` [ RunTime:0.009001s ]
[ sql ] [ SQL ] SELECT `id`,`pid`,`condition`,`icon`,`name`,`title`,`ismenu` FROM `fa_auth_rule` WHERE  `status` = 'normal' [ RunTime:0.002000s ]
---------------------------------------------------------------
[ 2020-04-09T10:45:37+08:00 ] 192.168.2.134 GET 192.168.2.134/admin/Product/index?sort=weigh&order=desc&offset=0&limit=15&filter=%7B%7D&op=%7B%7D&_=1586400336833
[运行时间：0.323019s] [吞吐率：3.10req/s] [内存消耗：4,579.29kb] [文件加载：135]
[ info ] [ BEHAVIOR ] Run Closure @app_init [ RunTime:0.000000s ]
[ info ] [ CACHE ] INIT File
[ info ] [ BEHAVIOR ] Run Closure @app_init [ RunTime:0.003000s ]
[ info ] [ LANG ] D:\phpStudy\WWW\Wangzhan\yunlibx\thinkphp\lang\zh-cn.php
[ info ] [ ROUTE ] array (
  'type' => 'module',
  'module' => 
  array (
    0 => 'admin',
    1 => 'Product',
    2 => 'index',
  ),
)
[ info ] [ HEADER ] array (
  'cookie' => 'PHPSESSID=n6dcr0gnlh8i5agrvo6aq4au9a',
  'accept-language' => 'zh-CN,zh;q=0.9',
  'accept-encoding' => 'gzip, deflate',
  'referer' => 'http://192.168.2.134/admin/product/index?addtabs=1',
  'content-type' => 'application/json',
  'user-agent' => 'Mozilla/5.0 (Windows NT 6.1; WOW64) AppleWebKit/537.36 (KHTML, like Gecko) Chrome/80.0.3987.163 Safari/537.36',
  'x-requested-with' => 'XMLHttpRequest',
  'accept' => 'application/json, text/javascript, */*; q=0.01',
  'connection' => 'keep-alive',
  'host' => '192.168.2.134',
  'content-length' => '',
)
[ info ] [ PARAM ] array (
  'sort' => 'weigh',
  'order' => 'desc',
  'offset' => '0',
  'limit' => '15',
  'filter' => '{}',
  'op' => '{}',
  '_' => '1586400336833',
)
[ info ] [ LANG ] D:\phpStudy\WWW\Wangzhan\yunlibx\public/../application/admin\lang\zh-cn.php
[ info ] [ BEHAVIOR ] Run app\common\behavior\Common @module_init [ RunTime:0.004001s ]
[ info ] [ SESSION ] INIT array (
  'id' => '',
  'var_session_id' => '',
  'prefix' => 'think',
  'type' => '',
  'auto_start' => true,
)
[ info ] [ DB ] INIT mysql
[ info ] [ RUN ] app\admin\controller\Product->index[ D:\phpStudy\WWW\Wangzhan\yunlibx\application\admin\controller\Product.php ]
[ info ] [ BEHAVIOR ] Run app\admin\behavior\AdminLog @app_end [ RunTime:0.001000s ]
[ info ] [ LOG ] INIT File
[ sql ] [ DB ] CONNECT:[ UseTime:0.001000s ] mysql:host=127.0.0.1;port=3306;dbname=yunlibx;charset=utf8
[ sql ] [ SQL ] SHOW COLUMNS FROM `fa_auth_group_access` [ RunTime:0.015001s ]
[ sql ] [ SQL ] SELECT `aga`.`uid`,`aga`.`group_id`,`ag`.`id`,`ag`.`pid`,`ag`.`name`,`ag`.`rules` FROM `fa_auth_group_access` `aga` LEFT JOIN `fa_auth_group` `ag` ON `aga`.`group_id`=`ag`.`id` WHERE  (  aga.uid='1' and ag.status='normal' ) [ RunTime:0.000000s ]
[ sql ] [ SQL ] SHOW COLUMNS FROM `fa_auth_rule` [ RunTime:0.009000s ]
[ sql ] [ SQL ] SELECT `id`,`pid`,`condition`,`icon`,`name`,`title`,`ismenu` FROM `fa_auth_rule` WHERE  `status` = 'normal' [ RunTime:0.001000s ]
[ sql ] [ SQL ] SHOW COLUMNS FROM `fa_products` [ RunTime:0.036002s ]
[ sql ] [ SQL ] SELECT `p`.*,t.title as t_title FROM `fa_products` `p` LEFT JOIN `fa_prod_type` `t` ON `p`.`t_id`=t.t_id and t.status=1 ORDER BY `p`.`weigh` DESC,`p`.`release_time` DESC LIMIT 0,15 [ RunTime:0.188010s ]
[ sql ] [ SQL ] SELECT COUNT(*) AS tp_count FROM `fa_products` LIMIT 1 [ RunTime:0.005001s ]
---------------------------------------------------------------
[ 2020-04-09T10:45:38+08:00 ] 192.168.2.134 GET 192.168.2.134/uploads/20200308/c6649ffb785a65e8f66619a64a23cb93.jpg
[运行时间：0.096006s] [吞吐率：10.42req/s] [内存消耗：2,070.22kb] [文件加载：108]
[ info ] [ BEHAVIOR ] Run Closure @app_init [ RunTime:0.000000s ]
[ info ] [ CACHE ] INIT File
[ info ] [ BEHAVIOR ] Run Closure @app_init [ RunTime:0.003000s ]
[ info ] [ LANG ] D:\phpStudy\WWW\Wangzhan\yunlibx\thinkphp\lang\zh-cn.php
[ info ] [ ROUTE ] array (
  'type' => 'module',
  'module' => 
  array (
    0 => 'uploads',
    1 => '20200308',
    2 => 'c6649ffb785a65e8f66619a64a23cb93.jpg',
  ),
)
[ info ] [ HEADER ] array (
  'cookie' => 'PHPSESSID=n6dcr0gnlh8i5agrvo6aq4au9a',
  'accept-language' => 'zh-CN,zh;q=0.9',
  'accept-encoding' => 'gzip, deflate',
  'referer' => 'http://192.168.2.134/admin/product/index?addtabs=1',
  'accept' => 'image/webp,image/apng,image/*,*/*;q=0.8',
  'user-agent' => 'Mozilla/5.0 (Windows NT 6.1; WOW64) AppleWebKit/537.36 (KHTML, like Gecko) Chrome/80.0.3987.163 Safari/537.36',
  'connection' => 'keep-alive',
  'host' => '192.168.2.134',
  'content-length' => '',
  'content-type' => '',
)
[ info ] [ PARAM ] array (
)
[ info ] [ LOG ] INIT File
---------------------------------------------------------------
[ 2020-04-09T10:45:38+08:00 ] 192.168.2.134 GET 192.168.2.134/uploads/20200309/196e9ab8a655cde0b5f94c996d64fb16.png
[运行时间：0.031002s] [吞吐率：32.26req/s] [内存消耗：2,070.22kb] [文件加载：108]
[ info ] [ BEHAVIOR ] Run Closure @app_init [ RunTime:0.000000s ]
[ info ] [ CACHE ] INIT File
[ info ] [ BEHAVIOR ] Run Closure @app_init [ RunTime:0.002000s ]
[ info ] [ LANG ] D:\phpStudy\WWW\Wangzhan\yunlibx\thinkphp\lang\zh-cn.php
[ info ] [ ROUTE ] array (
  'type' => 'module',
  'module' => 
  array (
    0 => 'uploads',
    1 => '20200309',
    2 => '196e9ab8a655cde0b5f94c996d64fb16.png',
  ),
)
[ info ] [ HEADER ] array (
  'cookie' => 'PHPSESSID=n6dcr0gnlh8i5agrvo6aq4au9a',
  'accept-language' => 'zh-CN,zh;q=0.9',
  'accept-encoding' => 'gzip, deflate',
  'referer' => 'http://192.168.2.134/admin/product/index?addtabs=1',
  'accept' => 'image/webp,image/apng,image/*,*/*;q=0.8',
  'user-agent' => 'Mozilla/5.0 (Windows NT 6.1; WOW64) AppleWebKit/537.36 (KHTML, like Gecko) Chrome/80.0.3987.163 Safari/537.36',
  'connection' => 'keep-alive',
  'host' => '192.168.2.134',
  'content-length' => '',
  'content-type' => '',
)
[ info ] [ PARAM ] array (
)
[ info ] [ LOG ] INIT File
---------------------------------------------------------------
[ 2020-04-09T10:45:38+08:00 ] 192.168.2.134 GET 192.168.2.134/uploads/20200306/7c2b06df71249ed3f1324dd04118a0ff.jpg
[运行时间：0.030002s] [吞吐率：33.33req/s] [内存消耗：2,070.22kb] [文件加载：108]
[ info ] [ BEHAVIOR ] Run Closure @app_init [ RunTime:0.000000s ]
[ info ] [ CACHE ] INIT File
[ info ] [ BEHAVIOR ] Run Closure @app_init [ RunTime:0.002000s ]
[ info ] [ LANG ] D:\phpStudy\WWW\Wangzhan\yunlibx\thinkphp\lang\zh-cn.php
[ info ] [ ROUTE ] array (
  'type' => 'module',
  'module' => 
  array (
    0 => 'uploads',
    1 => '20200306',
    2 => '7c2b06df71249ed3f1324dd04118a0ff.jpg',
  ),
)
[ info ] [ HEADER ] array (
  'cookie' => 'PHPSESSID=n6dcr0gnlh8i5agrvo6aq4au9a',
  'accept-language' => 'zh-CN,zh;q=0.9',
  'accept-encoding' => 'gzip, deflate',
  'referer' => 'http://192.168.2.134/admin/product/index?addtabs=1',
  'accept' => 'image/webp,image/apng,image/*,*/*;q=0.8',
  'user-agent' => 'Mozilla/5.0 (Windows NT 6.1; WOW64) AppleWebKit/537.36 (KHTML, like Gecko) Chrome/80.0.3987.163 Safari/537.36',
  'connection' => 'keep-alive',
  'host' => '192.168.2.134',
  'content-length' => '',
  'content-type' => '',
)
[ info ] [ PARAM ] array (
)
[ info ] [ LOG ] INIT File
---------------------------------------------------------------
[ 2020-04-09T10:45:38+08:00 ] 192.168.2.134 GET 192.168.2.134/uploads/20200305/9b9724d5b8c0803db604710c6cdefa1f.jpg
[运行时间：0.032002s] [吞吐率：31.25req/s] [内存消耗：2,070.22kb] [文件加载：108]
[ info ] [ BEHAVIOR ] Run Closure @app_init [ RunTime:0.000000s ]
[ info ] [ CACHE ] INIT File
[ info ] [ BEHAVIOR ] Run Closure @app_init [ RunTime:0.003000s ]
[ info ] [ LANG ] D:\phpStudy\WWW\Wangzhan\yunlibx\thinkphp\lang\zh-cn.php
[ info ] [ ROUTE ] array (
  'type' => 'module',
  'module' => 
  array (
    0 => 'uploads',
    1 => '20200305',
    2 => '9b9724d5b8c0803db604710c6cdefa1f.jpg',
  ),
)
[ info ] [ HEADER ] array (
  'cookie' => 'PHPSESSID=n6dcr0gnlh8i5agrvo6aq4au9a',
  'accept-language' => 'zh-CN,zh;q=0.9',
  'accept-encoding' => 'gzip, deflate',
  'referer' => 'http://192.168.2.134/admin/product/index?addtabs=1',
  'accept' => 'image/webp,image/apng,image/*,*/*;q=0.8',
  'user-agent' => 'Mozilla/5.0 (Windows NT 6.1; WOW64) AppleWebKit/537.36 (KHTML, like Gecko) Chrome/80.0.3987.163 Safari/537.36',
  'connection' => 'keep-alive',
  'host' => '192.168.2.134',
  'content-length' => '',
  'content-type' => '',
)
[ info ] [ PARAM ] array (
)
[ info ] [ LOG ] INIT File
---------------------------------------------------------------
[ 2020-04-09T10:45:38+08:00 ] 192.168.2.134 GET 192.168.2.134/uploads/20200228/3a24ca91c74b5e8a0b165859a7d89136.jpg
[运行时间：0.033002s] [吞吐率：30.30req/s] [内存消耗：2,070.22kb] [文件加载：108]
[ info ] [ BEHAVIOR ] Run Closure @app_init [ RunTime:0.000000s ]
[ info ] [ CACHE ] INIT File
[ info ] [ BEHAVIOR ] Run Closure @app_init [ RunTime:0.002000s ]
[ info ] [ LANG ] D:\phpStudy\WWW\Wangzhan\yunlibx\thinkphp\lang\zh-cn.php
[ info ] [ ROUTE ] array (
  'type' => 'module',
  'module' => 
  array (
    0 => 'uploads',
    1 => '20200228',
    2 => '3a24ca91c74b5e8a0b165859a7d89136.jpg',
  ),
)
[ info ] [ HEADER ] array (
  'cookie' => 'PHPSESSID=n6dcr0gnlh8i5agrvo6aq4au9a',
  'accept-language' => 'zh-CN,zh;q=0.9',
  'accept-encoding' => 'gzip, deflate',
  'referer' => 'http://192.168.2.134/admin/product/index?addtabs=1',
  'accept' => 'image/webp,image/apng,image/*,*/*;q=0.8',
  'user-agent' => 'Mozilla/5.0 (Windows NT 6.1; WOW64) AppleWebKit/537.36 (KHTML, like Gecko) Chrome/80.0.3987.163 Safari/537.36',
  'connection' => 'keep-alive',
  'host' => '192.168.2.134',
  'content-length' => '',
  'content-type' => '',
)
[ info ] [ PARAM ] array (
)
[ info ] [ LOG ] INIT File
---------------------------------------------------------------
[ 2020-04-09T10:45:38+08:00 ] 192.168.2.134 GET 192.168.2.134/uploads/20200228/401fff06231159f59a8b34a57374c9b7.jpg
[运行时间：0.031001s] [吞吐率：32.26req/s] [内存消耗：2,070.22kb] [文件加载：108]
[ info ] [ BEHAVIOR ] Run Closure @app_init [ RunTime:0.000000s ]
[ info ] [ CACHE ] INIT File
[ info ] [ BEHAVIOR ] Run Closure @app_init [ RunTime:0.003000s ]
[ info ] [ LANG ] D:\phpStudy\WWW\Wangzhan\yunlibx\thinkphp\lang\zh-cn.php
[ info ] [ ROUTE ] array (
  'type' => 'module',
  'module' => 
  array (
    0 => 'uploads',
    1 => '20200228',
    2 => '401fff06231159f59a8b34a57374c9b7.jpg',
  ),
)
[ info ] [ HEADER ] array (
  'cookie' => 'PHPSESSID=n6dcr0gnlh8i5agrvo6aq4au9a',
  'accept-language' => 'zh-CN,zh;q=0.9',
  'accept-encoding' => 'gzip, deflate',
  'referer' => 'http://192.168.2.134/admin/product/index?addtabs=1',
  'accept' => 'image/webp,image/apng,image/*,*/*;q=0.8',
  'user-agent' => 'Mozilla/5.0 (Windows NT 6.1; WOW64) AppleWebKit/537.36 (KHTML, like Gecko) Chrome/80.0.3987.163 Safari/537.36',
  'connection' => 'keep-alive',
  'host' => '192.168.2.134',
  'content-length' => '',
  'content-type' => '',
)
[ info ] [ PARAM ] array (
)
[ info ] [ LOG ] INIT File
---------------------------------------------------------------
[ 2020-04-09T10:45:38+08:00 ] 192.168.2.134 GET 192.168.2.134/uploads/20200228/8de42e1dc54f41d1eb7ee8cd5458a72b.jpg
[运行时间：0.034002s] [吞吐率：29.41req/s] [内存消耗：2,070.22kb] [文件加载：108]
[ info ] [ BEHAVIOR ] Run Closure @app_init [ RunTime:0.000000s ]
[ info ] [ CACHE ] INIT File
[ info ] [ BEHAVIOR ] Run Closure @app_init [ RunTime:0.003000s ]
[ info ] [ LANG ] D:\phpStudy\WWW\Wangzhan\yunlibx\thinkphp\lang\zh-cn.php
[ info ] [ ROUTE ] array (
  'type' => 'module',
  'module' => 
  array (
    0 => 'uploads',
    1 => '20200228',
    2 => '8de42e1dc54f41d1eb7ee8cd5458a72b.jpg',
  ),
)
[ info ] [ HEADER ] array (
  'cookie' => 'PHPSESSID=n6dcr0gnlh8i5agrvo6aq4au9a',
  'accept-language' => 'zh-CN,zh;q=0.9',
  'accept-encoding' => 'gzip, deflate',
  'referer' => 'http://192.168.2.134/admin/product/index?addtabs=1',
  'accept' => 'image/webp,image/apng,image/*,*/*;q=0.8',
  'user-agent' => 'Mozilla/5.0 (Windows NT 6.1; WOW64) AppleWebKit/537.36 (KHTML, like Gecko) Chrome/80.0.3987.163 Safari/537.36',
  'connection' => 'keep-alive',
  'host' => '192.168.2.134',
  'content-length' => '',
  'content-type' => '',
)
[ info ] [ PARAM ] array (
)
[ info ] [ LOG ] INIT File
---------------------------------------------------------------
[ 2020-04-09T10:45:38+08:00 ] 192.168.2.134 GET 192.168.2.134/uploads/20200228/fc73043d38776bafa55cb3b1ec6d83b7.jpg
[运行时间：0.031001s] [吞吐率：32.26req/s] [内存消耗：2,070.22kb] [文件加载：108]
[ info ] [ BEHAVIOR ] Run Closure @app_init [ RunTime:0.000000s ]
[ info ] [ CACHE ] INIT File
[ info ] [ BEHAVIOR ] Run Closure @app_init [ RunTime:0.002000s ]
[ info ] [ LANG ] D:\phpStudy\WWW\Wangzhan\yunlibx\thinkphp\lang\zh-cn.php
[ info ] [ ROUTE ] array (
  'type' => 'module',
  'module' => 
  array (
    0 => 'uploads',
    1 => '20200228',
    2 => 'fc73043d38776bafa55cb3b1ec6d83b7.jpg',
  ),
)
[ info ] [ HEADER ] array (
  'cookie' => 'PHPSESSID=n6dcr0gnlh8i5agrvo6aq4au9a',
  'accept-language' => 'zh-CN,zh;q=0.9',
  'accept-encoding' => 'gzip, deflate',
  'referer' => 'http://192.168.2.134/admin/product/index?addtabs=1',
  'accept' => 'image/webp,image/apng,image/*,*/*;q=0.8',
  'user-agent' => 'Mozilla/5.0 (Windows NT 6.1; WOW64) AppleWebKit/537.36 (KHTML, like Gecko) Chrome/80.0.3987.163 Safari/537.36',
  'connection' => 'keep-alive',
  'host' => '192.168.2.134',
  'content-length' => '',
  'content-type' => '',
)
[ info ] [ PARAM ] array (
)
[ info ] [ LOG ] INIT File
---------------------------------------------------------------
[ 2020-04-09T10:45:38+08:00 ] 192.168.2.134 GET 192.168.2.134/uploads/20200228/b3479556a0230f6548cafef611b0ab7d.jpg
[运行时间：0.031001s] [吞吐率：32.26req/s] [内存消耗：2,070.22kb] [文件加载：108]
[ info ] [ BEHAVIOR ] Run Closure @app_init [ RunTime:0.000000s ]
[ info ] [ CACHE ] INIT File
[ info ] [ BEHAVIOR ] Run Closure @app_init [ RunTime:0.002000s ]
[ info ] [ LANG ] D:\phpStudy\WWW\Wangzhan\yunlibx\thinkphp\lang\zh-cn.php
[ info ] [ ROUTE ] array (
  'type' => 'module',
  'module' => 
  array (
    0 => 'uploads',
    1 => '20200228',
    2 => 'b3479556a0230f6548cafef611b0ab7d.jpg',
  ),
)
[ info ] [ HEADER ] array (
  'cookie' => 'PHPSESSID=n6dcr0gnlh8i5agrvo6aq4au9a',
  'accept-language' => 'zh-CN,zh;q=0.9',
  'accept-encoding' => 'gzip, deflate',
  'referer' => 'http://192.168.2.134/admin/product/index?addtabs=1',
  'accept' => 'image/webp,image/apng,image/*,*/*;q=0.8',
  'user-agent' => 'Mozilla/5.0 (Windows NT 6.1; WOW64) AppleWebKit/537.36 (KHTML, like Gecko) Chrome/80.0.3987.163 Safari/537.36',
  'connection' => 'keep-alive',
  'host' => '192.168.2.134',
  'content-length' => '',
  'content-type' => '',
)
[ info ] [ PARAM ] array (
)
[ info ] [ LOG ] INIT File
---------------------------------------------------------------
[ 2020-04-09T10:45:38+08:00 ] 192.168.2.134 GET 192.168.2.134/uploads/20200228/088ed7d16aff77b109b8625fccf7cb81.jpg
[运行时间：0.032001s] [吞吐率：31.25req/s] [内存消耗：2,070.22kb] [文件加载：108]
[ info ] [ BEHAVIOR ] Run Closure @app_init [ RunTime:0.000000s ]
[ info ] [ CACHE ] INIT File
[ info ] [ BEHAVIOR ] Run Closure @app_init [ RunTime:0.003000s ]
[ info ] [ LANG ] D:\phpStudy\WWW\Wangzhan\yunlibx\thinkphp\lang\zh-cn.php
[ info ] [ ROUTE ] array (
  'type' => 'module',
  'module' => 
  array (
    0 => 'uploads',
    1 => '20200228',
    2 => '088ed7d16aff77b109b8625fccf7cb81.jpg',
  ),
)
[ info ] [ HEADER ] array (
  'cookie' => 'PHPSESSID=n6dcr0gnlh8i5agrvo6aq4au9a',
  'accept-language' => 'zh-CN,zh;q=0.9',
  'accept-encoding' => 'gzip, deflate',
  'referer' => 'http://192.168.2.134/admin/product/index?addtabs=1',
  'accept' => 'image/webp,image/apng,image/*,*/*;q=0.8',
  'user-agent' => 'Mozilla/5.0 (Windows NT 6.1; WOW64) AppleWebKit/537.36 (KHTML, like Gecko) Chrome/80.0.3987.163 Safari/537.36',
  'connection' => 'keep-alive',
  'host' => '192.168.2.134',
  'content-length' => '',
  'content-type' => '',
)
[ info ] [ PARAM ] array (
)
[ info ] [ LOG ] INIT File
---------------------------------------------------------------
[ 2020-04-09T10:45:38+08:00 ] 192.168.2.134 GET 192.168.2.134/uploads/20200228/0a50a99829d7e67157592b6eab4f7b44.jpg
[运行时间：0.034002s] [吞吐率：29.41req/s] [内存消耗：2,070.22kb] [文件加载：108]
[ info ] [ BEHAVIOR ] Run Closure @app_init [ RunTime:0.000000s ]
[ info ] [ CACHE ] INIT File
[ info ] [ BEHAVIOR ] Run Closure @app_init [ RunTime:0.003000s ]
[ info ] [ LANG ] D:\phpStudy\WWW\Wangzhan\yunlibx\thinkphp\lang\zh-cn.php
[ info ] [ ROUTE ] array (
  'type' => 'module',
  'module' => 
  array (
    0 => 'uploads',
    1 => '20200228',
    2 => '0a50a99829d7e67157592b6eab4f7b44.jpg',
  ),
)
[ info ] [ HEADER ] array (
  'cookie' => 'PHPSESSID=n6dcr0gnlh8i5agrvo6aq4au9a',
  'accept-language' => 'zh-CN,zh;q=0.9',
  'accept-encoding' => 'gzip, deflate',
  'referer' => 'http://192.168.2.134/admin/product/index?addtabs=1',
  'accept' => 'image/webp,image/apng,image/*,*/*;q=0.8',
  'user-agent' => 'Mozilla/5.0 (Windows NT 6.1; WOW64) AppleWebKit/537.36 (KHTML, like Gecko) Chrome/80.0.3987.163 Safari/537.36',
  'connection' => 'keep-alive',
  'host' => '192.168.2.134',
  'content-length' => '',
  'content-type' => '',
)
[ info ] [ PARAM ] array (
)
[ info ] [ LOG ] INIT File
---------------------------------------------------------------
[ 2020-04-09T10:45:38+08:00 ] 192.168.2.134 GET 192.168.2.134/uploads/20200228/f88f27db60fb375401843e04c98e02cf.jpg
[运行时间：0.032002s] [吞吐率：31.25req/s] [内存消耗：2,070.22kb] [文件加载：108]
[ info ] [ BEHAVIOR ] Run Closure @app_init [ RunTime:0.000000s ]
[ info ] [ CACHE ] INIT File
[ info ] [ BEHAVIOR ] Run Closure @app_init [ RunTime:0.003000s ]
[ info ] [ LANG ] D:\phpStudy\WWW\Wangzhan\yunlibx\thinkphp\lang\zh-cn.php
[ info ] [ ROUTE ] array (
  'type' => 'module',
  'module' => 
  array (
    0 => 'uploads',
    1 => '20200228',
    2 => 'f88f27db60fb375401843e04c98e02cf.jpg',
  ),
)
[ info ] [ HEADER ] array (
  'cookie' => 'PHPSESSID=n6dcr0gnlh8i5agrvo6aq4au9a',
  'accept-language' => 'zh-CN,zh;q=0.9',
  'accept-encoding' => 'gzip, deflate',
  'referer' => 'http://192.168.2.134/admin/product/index?addtabs=1',
  'accept' => 'image/webp,image/apng,image/*,*/*;q=0.8',
  'user-agent' => 'Mozilla/5.0 (Windows NT 6.1; WOW64) AppleWebKit/537.36 (KHTML, like Gecko) Chrome/80.0.3987.163 Safari/537.36',
  'connection' => 'keep-alive',
  'host' => '192.168.2.134',
  'content-length' => '',
  'content-type' => '',
)
[ info ] [ PARAM ] array (
)
[ info ] [ LOG ] INIT File
---------------------------------------------------------------
[ 2020-04-09T10:47:28+08:00 ] 192.168.2.134 GET 192.168.2.134/api/Test/test
[运行时间：0.141008s] [吞吐率：7.09req/s] [内存消耗：2,659.94kb] [文件加载：114]
[ info ] [ BEHAVIOR ] Run Closure @app_init [ RunTime:0.000000s ]
[ info ] [ CACHE ] INIT File
[ info ] [ BEHAVIOR ] Run Closure @app_init [ RunTime:0.004000s ]
[ info ] [ LANG ] D:\phpStudy\WWW\Wangzhan\yunlibx\thinkphp\lang\zh-cn.php
[ info ] [ ROUTE ] array (
  'type' => 'module',
  'module' => 
  array (
    0 => 'api',
    1 => 'Test',
    2 => 'test',
  ),
)
[ info ] [ HEADER ] array (
  'content-length' => '415',
  'content-type' => 'multipart/form-data; boundary=--------------------------064356627182673389309747',
  'connection' => 'keep-alive',
  'accept-encoding' => 'gzip, deflate, br',
  'host' => '192.168.2.134',
  'postman-token' => 'a5bb0c11-bb66-4adf-8b26-5792e0ff5df1',
  'cache-control' => 'no-cache',
  'accept' => '*/*',
  'user-agent' => 'PostmanRuntime/7.24.0',
)
[ info ] [ PARAM ] array (
)
[ info ] [ LANG ] D:\phpStudy\WWW\Wangzhan\yunlibx\public/../application/api\lang\zh-cn.php
[ info ] [ BEHAVIOR ] Run app\common\behavior\Common @module_init [ RunTime:0.002000s ]
[ info ] [ RUN ] app\api\controller\Test->test[ D:\phpStudy\WWW\Wangzhan\yunlibx\application\api\controller\Test.php ]
[ info ] [ LOG ] INIT File
---------------------------------------------------------------
[ 2020-04-09T10:47:50+08:00 ] 192.168.2.134 GET 192.168.2.134/api/Test/test
[运行时间：0.143008s] [吞吐率：6.99req/s] [内存消耗：2,655.71kb] [文件加载：114]
[ info ] [ BEHAVIOR ] Run Closure @app_init [ RunTime:0.000000s ]
[ info ] [ CACHE ] INIT File
[ info ] [ BEHAVIOR ] Run Closure @app_init [ RunTime:0.003000s ]
[ info ] [ LANG ] D:\phpStudy\WWW\Wangzhan\yunlibx\thinkphp\lang\zh-cn.php
[ info ] [ ROUTE ] array (
  'type' => 'module',
  'module' => 
  array (
    0 => 'api',
    1 => 'Test',
    2 => 'test',
  ),
)
[ info ] [ HEADER ] array (
  'content-length' => '415',
  'content-type' => 'multipart/form-data; boundary=--------------------------784815396391452376893148',
  'connection' => 'keep-alive',
  'accept-encoding' => 'gzip, deflate, br',
  'host' => '192.168.2.134',
  'postman-token' => 'badf2a4d-64aa-411a-9d1d-695040aa0d83',
  'cache-control' => 'no-cache',
  'accept' => '*/*',
  'user-agent' => 'PostmanRuntime/7.24.0',
)
[ info ] [ PARAM ] array (
)
[ info ] [ LANG ] D:\phpStudy\WWW\Wangzhan\yunlibx\public/../application/api\lang\zh-cn.php
[ info ] [ BEHAVIOR ] Run app\common\behavior\Common @module_init [ RunTime:0.002001s ]
[ info ] [ RUN ] app\api\controller\Test->test[ D:\phpStudy\WWW\Wangzhan\yunlibx\application\api\controller\Test.php ]
[ info ] [ LOG ] INIT File
---------------------------------------------------------------
[ 2020-04-09T10:47:51+08:00 ] 192.168.2.134 GET 192.168.2.134/api/Test/test
[运行时间：0.144009s] [吞吐率：6.94req/s] [内存消耗：2,655.71kb] [文件加载：114]
[ info ] [ BEHAVIOR ] Run Closure @app_init [ RunTime:0.000000s ]
[ info ] [ CACHE ] INIT File
[ info ] [ BEHAVIOR ] Run Closure @app_init [ RunTime:0.002000s ]
[ info ] [ LANG ] D:\phpStudy\WWW\Wangzhan\yunlibx\thinkphp\lang\zh-cn.php
[ info ] [ ROUTE ] array (
  'type' => 'module',
  'module' => 
  array (
    0 => 'api',
    1 => 'Test',
    2 => 'test',
  ),
)
[ info ] [ HEADER ] array (
  'content-length' => '415',
  'content-type' => 'multipart/form-data; boundary=--------------------------764310090227221918686593',
  'connection' => 'keep-alive',
  'accept-encoding' => 'gzip, deflate, br',
  'host' => '192.168.2.134',
  'postman-token' => '93aff0cd-bf6b-4412-8ad1-7520e3f87114',
  'cache-control' => 'no-cache',
  'accept' => '*/*',
  'user-agent' => 'PostmanRuntime/7.24.0',
)
[ info ] [ PARAM ] array (
)
[ info ] [ LANG ] D:\phpStudy\WWW\Wangzhan\yunlibx\public/../application/api\lang\zh-cn.php
[ info ] [ BEHAVIOR ] Run app\common\behavior\Common @module_init [ RunTime:0.002000s ]
[ info ] [ RUN ] app\api\controller\Test->test[ D:\phpStudy\WWW\Wangzhan\yunlibx\application\api\controller\Test.php ]
[ info ] [ LOG ] INIT File
---------------------------------------------------------------
[ 2020-04-09T10:48:43+08:00 ] 192.168.2.134 GET 192.168.2.134/api/Test/test
[运行时间：0.133007s] [吞吐率：7.52req/s] [内存消耗：2,655.71kb] [文件加载：114]
[ info ] [ BEHAVIOR ] Run Closure @app_init [ RunTime:0.000000s ]
[ info ] [ CACHE ] INIT File
[ info ] [ BEHAVIOR ] Run Closure @app_init [ RunTime:0.002000s ]
[ info ] [ LANG ] D:\phpStudy\WWW\Wangzhan\yunlibx\thinkphp\lang\zh-cn.php
[ info ] [ ROUTE ] array (
  'type' => 'module',
  'module' => 
  array (
    0 => 'api',
    1 => 'Test',
    2 => 'test',
  ),
)
[ info ] [ HEADER ] array (
  'content-length' => '415',
  'content-type' => 'multipart/form-data; boundary=--------------------------241637762858179417331685',
  'connection' => 'keep-alive',
  'accept-encoding' => 'gzip, deflate, br',
  'host' => '192.168.2.134',
  'postman-token' => '93e685c5-9740-4a39-80a8-8e383e37fec2',
  'cache-control' => 'no-cache',
  'accept' => '*/*',
  'user-agent' => 'PostmanRuntime/7.24.0',
)
[ info ] [ PARAM ] array (
)
[ info ] [ LANG ] D:\phpStudy\WWW\Wangzhan\yunlibx\public/../application/api\lang\zh-cn.php
[ info ] [ BEHAVIOR ] Run app\common\behavior\Common @module_init [ RunTime:0.001000s ]
[ info ] [ RUN ] app\api\controller\Test->test[ D:\phpStudy\WWW\Wangzhan\yunlibx\application\api\controller\Test.php ]
[ info ] [ LOG ] INIT File
---------------------------------------------------------------
[ 2020-04-09T10:50:36+08:00 ] 192.168.2.134 GET 192.168.2.134/api/Test/test
[运行时间：0.119007s] [吞吐率：8.40req/s] [内存消耗：2,655.71kb] [文件加载：114]
[ info ] [ BEHAVIOR ] Run Closure @app_init [ RunTime:0.000000s ]
[ info ] [ CACHE ] INIT File
[ info ] [ BEHAVIOR ] Run Closure @app_init [ RunTime:0.003000s ]
[ info ] [ LANG ] D:\phpStudy\WWW\Wangzhan\yunlibx\thinkphp\lang\zh-cn.php
[ info ] [ ROUTE ] array (
  'type' => 'module',
  'module' => 
  array (
    0 => 'api',
    1 => 'Test',
    2 => 'test',
  ),
)
[ info ] [ HEADER ] array (
  'content-length' => '415',
  'content-type' => 'multipart/form-data; boundary=--------------------------356303635155952195089077',
  'connection' => 'keep-alive',
  'accept-encoding' => 'gzip, deflate, br',
  'host' => '192.168.2.134',
  'postman-token' => 'a1220143-0e0a-4b6d-9343-9fb0a3af5efe',
  'cache-control' => 'no-cache',
  'accept' => '*/*',
  'user-agent' => 'PostmanRuntime/7.24.0',
)
[ info ] [ PARAM ] array (
)
[ info ] [ LANG ] D:\phpStudy\WWW\Wangzhan\yunlibx\public/../application/api\lang\zh-cn.php
[ info ] [ BEHAVIOR ] Run app\common\behavior\Common @module_init [ RunTime:0.002000s ]
[ info ] [ RUN ] app\api\controller\Test->test[ D:\phpStudy\WWW\Wangzhan\yunlibx\application\api\controller\Test.php ]
[ info ] [ LOG ] INIT File
---------------------------------------------------------------
[ 2020-04-09T10:58:34+08:00 ] 192.168.2.134 GET 192.168.2.134/api/Test/test
[运行时间：0.207012s] [吞吐率：4.83req/s] [内存消耗：2,845.72kb] [文件加载：114]
[ info ] [ BEHAVIOR ] Run Closure @app_init [ RunTime:0.000000s ]
[ info ] [ CACHE ] INIT File
[ info ] [ BEHAVIOR ] Run Closure @app_init [ RunTime:0.003000s ]
[ info ] [ LANG ] D:\phpStudy\WWW\Wangzhan\yunlibx\thinkphp\lang\zh-cn.php
[ info ] [ ROUTE ] array (
  'type' => 'module',
  'module' => 
  array (
    0 => 'api',
    1 => 'Test',
    2 => 'test',
  ),
)
[ info ] [ HEADER ] array (
  'content-length' => '415',
  'content-type' => 'multipart/form-data; boundary=--------------------------763361633179562203193108',
  'connection' => 'keep-alive',
  'accept-encoding' => 'gzip, deflate, br',
  'host' => '192.168.2.134',
  'postman-token' => 'a7bf9ea8-4bac-4c27-a563-0c6f0f6cdb58',
  'cache-control' => 'no-cache',
  'accept' => '*/*',
  'user-agent' => 'PostmanRuntime/7.24.0',
)
[ info ] [ PARAM ] array (
)
[ info ] [ LANG ] D:\phpStudy\WWW\Wangzhan\yunlibx\public/../application/api\lang\zh-cn.php
[ info ] [ BEHAVIOR ] Run app\common\behavior\Common @module_init [ RunTime:0.002000s ]
[ info ] [ RUN ] app\api\controller\Test->test[ D:\phpStudy\WWW\Wangzhan\yunlibx\application\api\controller\Test.php ]
[ info ] [ LOG ] INIT File
---------------------------------------------------------------
[ 2020-04-09T10:58:52+08:00 ] 192.168.2.134 GET 192.168.2.134/api/Test/test
[运行时间：0.206012s] [吞吐率：4.85req/s] [内存消耗：3,057.72kb] [文件加载：114]
[ info ] [ BEHAVIOR ] Run Closure @app_init [ RunTime:0.000000s ]
[ info ] [ CACHE ] INIT File
[ info ] [ BEHAVIOR ] Run Closure @app_init [ RunTime:0.002000s ]
[ info ] [ LANG ] D:\phpStudy\WWW\Wangzhan\yunlibx\thinkphp\lang\zh-cn.php
[ info ] [ ROUTE ] array (
  'type' => 'module',
  'module' => 
  array (
    0 => 'api',
    1 => 'Test',
    2 => 'test',
  ),
)
[ info ] [ HEADER ] array (
  'content-length' => '415',
  'content-type' => 'multipart/form-data; boundary=--------------------------014568772942085700485429',
  'connection' => 'keep-alive',
  'accept-encoding' => 'gzip, deflate, br',
  'host' => '192.168.2.134',
  'postman-token' => '7f6cd320-27ab-487c-8385-38c91f88212c',
  'cache-control' => 'no-cache',
  'accept' => '*/*',
  'user-agent' => 'PostmanRuntime/7.24.0',
)
[ info ] [ PARAM ] array (
)
[ info ] [ LANG ] D:\phpStudy\WWW\Wangzhan\yunlibx\public/../application/api\lang\zh-cn.php
[ info ] [ BEHAVIOR ] Run app\common\behavior\Common @module_init [ RunTime:0.002000s ]
[ info ] [ RUN ] app\api\controller\Test->test[ D:\phpStudy\WWW\Wangzhan\yunlibx\application\api\controller\Test.php ]
[ info ] [ LOG ] INIT File
---------------------------------------------------------------
[ 2020-04-09T10:59:15+08:00 ] 192.168.2.134 GET 192.168.2.134/api/Test/test
[运行时间：0.191011s] [吞吐率：5.24req/s] [内存消耗：2,854.39kb] [文件加载：114]
[ info ] [ BEHAVIOR ] Run Closure @app_init [ RunTime:0.000000s ]
[ info ] [ CACHE ] INIT File
[ info ] [ BEHAVIOR ] Run Closure @app_init [ RunTime:0.002000s ]
[ info ] [ LANG ] D:\phpStudy\WWW\Wangzhan\yunlibx\thinkphp\lang\zh-cn.php
[ info ] [ ROUTE ] array (
  'type' => 'module',
  'module' => 
  array (
    0 => 'api',
    1 => 'Test',
    2 => 'test',
  ),
)
[ info ] [ HEADER ] array (
  'content-length' => '415',
  'content-type' => 'multipart/form-data; boundary=--------------------------907176613347527832437726',
  'connection' => 'keep-alive',
  'accept-encoding' => 'gzip, deflate, br',
  'host' => '192.168.2.134',
  'postman-token' => 'eeac44ea-9dce-48e3-823e-d978a4da4565',
  'cache-control' => 'no-cache',
  'accept' => '*/*',
  'user-agent' => 'PostmanRuntime/7.24.0',
)
[ info ] [ PARAM ] array (
)
[ info ] [ LANG ] D:\phpStudy\WWW\Wangzhan\yunlibx\public/../application/api\lang\zh-cn.php
[ info ] [ BEHAVIOR ] Run app\common\behavior\Common @module_init [ RunTime:0.001000s ]
[ info ] [ RUN ] app\api\controller\Test->test[ D:\phpStudy\WWW\Wangzhan\yunlibx\application\api\controller\Test.php ]
[ info ] [ LOG ] INIT File
---------------------------------------------------------------
[ 2020-04-09T11:24:52+08:00 ] 192.168.2.134 GET 192.168.2.134/api/Test/test
[运行时间：0.042002s] [吞吐率：23.81req/s] [内存消耗：2,659.03kb] [文件加载：114]
[ info ] [ BEHAVIOR ] Run Closure @app_init [ RunTime:0.000000s ]
[ info ] [ CACHE ] INIT File
[ info ] [ BEHAVIOR ] Run Closure @app_init [ RunTime:0.003000s ]
[ info ] [ LANG ] D:\phpStudy\WWW\Wangzhan\yunlibx\thinkphp\lang\zh-cn.php
[ info ] [ ROUTE ] array (
  'type' => 'module',
  'module' => 
  array (
    0 => 'api',
    1 => 'Test',
    2 => 'test',
  ),
)
[ info ] [ HEADER ] array (
  'content-length' => '415',
  'content-type' => 'multipart/form-data; boundary=--------------------------097805939582012986144786',
  'connection' => 'keep-alive',
  'accept-encoding' => 'gzip, deflate, br',
  'host' => '192.168.2.134',
  'postman-token' => '2a61fb57-1e40-4d83-adaf-470ca68d93e9',
  'cache-control' => 'no-cache',
  'accept' => '*/*',
  'user-agent' => 'PostmanRuntime/7.24.0',
)
[ info ] [ PARAM ] array (
)
[ info ] [ LANG ] D:\phpStudy\WWW\Wangzhan\yunlibx\public/../application/api\lang\zh-cn.php
[ info ] [ BEHAVIOR ] Run app\common\behavior\Common @module_init [ RunTime:0.002000s ]
[ info ] [ RUN ] app\api\controller\Test->test[ D:\phpStudy\WWW\Wangzhan\yunlibx\application\api\controller\Test.php ]
[ info ] [ LOG ] INIT File
