---------------------------------------------------------------
[ 2020-04-21T14:17:07+08:00 ] 192.168.2.134 GET 192.168.2.134/
[运行时间：0.721041s] [吞吐率：1.39req/s] [内存消耗：3,005.77kb] [文件加载：126]
[ info ] [ BEHAVIOR ] Run Closure @app_init [ RunTime:0.014000s ]
[ info ] [ CACHE ] INIT File
[ info ] [ BEHAVIOR ] Run Closure @app_init [ RunTime:0.024001s ]
[ info ] [ LANG ] D:\phpStudy\WWW\Wangzhan\yunlibx\thinkphp\lang\zh-cn.php
[ info ] [ ROUTE ] array (
  'type' => 'module',
  'module' => 
  array (
    0 => '',
    1 => NULL,
    2 => NULL,
  ),
)
[ info ] [ HEADER ] array (
  'accept-language' => 'zh-CN,zh;q=0.9',
  'accept-encoding' => 'gzip, deflate',
  'purpose' => 'prefetch',
  'accept' => 'text/html,application/xhtml+xml,application/xml;q=0.9,image/webp,image/apng,*/*;q=0.8,application/signed-exchange;v=b3;q=0.9',
  'user-agent' => 'Mozilla/5.0 (Windows NT 6.1; WOW64) AppleWebKit/537.36 (KHTML, like Gecko) Chrome/80.0.3987.163 Safari/537.36',
  'upgrade-insecure-requests' => '1',
  'connection' => 'keep-alive',
  'host' => '192.168.2.134',
  'content-length' => '',
  'content-type' => '',
)
[ info ] [ PARAM ] array (
)
[ info ] [ LANG ] D:\phpStudy\WWW\Wangzhan\yunlibx\public/../application/admin\lang\zh-cn.php
[ info ] [ BEHAVIOR ] Run app\common\behavior\Common @module_init [ RunTime:0.021001s ]
[ info ] [ SESSION ] INIT array (
  'id' => '',
  'var_session_id' => '',
  'prefix' => 'think',
  'type' => '',
  'auto_start' => true,
)
[ info ] [ BEHAVIOR ] Run app\admin\behavior\AdminLog @app_end [ RunTime:0.001000s ]
[ info ] [ LOG ] INIT File
---------------------------------------------------------------
[ 2020-04-21T14:17:08+08:00 ] 192.168.2.134 GET 192.168.2.134/admin/index/login
[运行时间：0.168010s] [吞吐率：5.95req/s] [内存消耗：3,601.85kb] [文件加载：131]
[ info ] [ BEHAVIOR ] Run Closure @app_init [ RunTime:0.000000s ]
[ info ] [ CACHE ] INIT File
[ info ] [ BEHAVIOR ] Run Closure @app_init [ RunTime:0.003000s ]
[ info ] [ LANG ] D:\phpStudy\WWW\Wangzhan\yunlibx\thinkphp\lang\zh-cn.php
[ info ] [ ROUTE ] array (
  'type' => 'module',
  'module' => 
  array (
    0 => 'admin',
    1 => 'index',
    2 => 'login',
  ),
)
[ info ] [ HEADER ] array (
  'cookie' => 'PHPSESSID=6uae9g3lp6g8svopakp5ut68mr',
  'accept-language' => 'zh-CN,zh;q=0.9',
  'accept-encoding' => 'gzip, deflate',
  'purpose' => 'prefetch',
  'accept' => 'text/html,application/xhtml+xml,application/xml;q=0.9,image/webp,image/apng,*/*;q=0.8,application/signed-exchange;v=b3;q=0.9',
  'user-agent' => 'Mozilla/5.0 (Windows NT 6.1; WOW64) AppleWebKit/537.36 (KHTML, like Gecko) Chrome/80.0.3987.163 Safari/537.36',
  'upgrade-insecure-requests' => '1',
  'connection' => 'keep-alive',
  'host' => '192.168.2.134',
  'content-length' => '',
  'content-type' => '',
)
[ info ] [ PARAM ] array (
)
[ info ] [ LANG ] D:\phpStudy\WWW\Wangzhan\yunlibx\public/../application/admin\lang\zh-cn.php
[ info ] [ BEHAVIOR ] Run app\common\behavior\Common @module_init [ RunTime:0.002000s ]
[ info ] [ SESSION ] INIT array (
  'id' => '',
  'var_session_id' => '',
  'prefix' => 'think',
  'type' => '',
  'auto_start' => true,
)
[ info ] [ LANG ] D:\phpStudy\WWW\Wangzhan\yunlibx\public/../application/admin/lang/zh-cn/index.php
[ info ] [ RUN ] app\admin\controller\Index->login[ D:\phpStudy\WWW\Wangzhan\yunlibx\application\admin\controller\Index.php ]
[ info ] [ VIEW ] D:\phpStudy\WWW\Wangzhan\yunlibx\public/../application/admin\view\index\login.html [ array (
  0 => 'breadcrumb',
  1 => 'site',
  2 => 'config',
  3 => 'auth',
  4 => 'admin',
  5 => 'background',
  6 => 'title',
) ]
[ info ] [ BEHAVIOR ] Run app\admin\behavior\AdminLog @app_end [ RunTime:0.000000s ]
[ info ] [ LOG ] INIT File
---------------------------------------------------------------
[ 2020-04-21T14:17:08+08:00 ] 192.168.2.134 GET 192.168.2.134/index.php?s=/captcha
[运行时间：0.110007s] [吞吐率：9.09req/s] [内存消耗：2,106.68kb] [文件加载：107]
[ info ] [ BEHAVIOR ] Run Closure @app_init [ RunTime:0.000000s ]
[ info ] [ CACHE ] INIT File
[ info ] [ BEHAVIOR ] Run Closure @app_init [ RunTime:0.002000s ]
[ info ] [ LANG ] D:\phpStudy\WWW\Wangzhan\yunlibx\thinkphp\lang\zh-cn.php
[ info ] [ ROUTE ] array (
  'type' => 'method',
  'method' => 
  array (
    0 => '\\think\\captcha\\CaptchaController',
    1 => 'index',
  ),
  'var' => 
  array (
  ),
)
[ info ] [ HEADER ] array (
  'cookie' => 'PHPSESSID=6uae9g3lp6g8svopakp5ut68mr',
  'accept-language' => 'zh-CN,zh;q=0.9',
  'accept-encoding' => 'gzip, deflate',
  'referer' => 'http://192.168.2.134/admin/index/login',
  'purpose' => 'prefetch',
  'accept' => 'image/webp,image/apng,image/*,*/*;q=0.8',
  'user-agent' => 'Mozilla/5.0 (Windows NT 6.1; WOW64) AppleWebKit/537.36 (KHTML, like Gecko) Chrome/80.0.3987.163 Safari/537.36',
  'connection' => 'keep-alive',
  'host' => '192.168.2.134',
  'content-length' => '',
  'content-type' => '',
)
[ info ] [ PARAM ] array (
  'id' => NULL,
)
[ info ] [ RUN ] think\captcha\CaptchaController->index[ D:\phpStudy\WWW\Wangzhan\yunlibx\vendor\topthink\think-captcha\src\CaptchaController.php ]
[ info ] [ SESSION ] INIT array (
  'id' => '',
  'var_session_id' => '',
  'prefix' => 'think',
  'type' => '',
  'auto_start' => true,
)
[ info ] [ LOG ] INIT File
---------------------------------------------------------------
[ 2020-04-21T14:17:44+08:00 ] 192.168.2.134 GET 192.168.2.134/api/Test/createM
[运行时间：0.120007s] [吞吐率：8.33req/s] [内存消耗：2,775.92kb] [文件加载：120]
[ info ] [ BEHAVIOR ] Run Closure @app_init [ RunTime:0.000000s ]
[ info ] [ CACHE ] INIT File
[ info ] [ BEHAVIOR ] Run Closure @app_init [ RunTime:0.002001s ]
[ info ] [ LANG ] D:\phpStudy\WWW\Wangzhan\yunlibx\thinkphp\lang\zh-cn.php
[ info ] [ ROUTE ] array (
  'type' => 'module',
  'module' => 
  array (
    0 => 'api',
    1 => 'Test',
    2 => 'createM',
  ),
)
[ info ] [ HEADER ] array (
  'cookie' => 'PHPSESSID=6uae9g3lp6g8svopakp5ut68mr',
  'accept-language' => 'zh-CN,zh;q=0.9',
  'accept-encoding' => 'gzip, deflate',
  'accept' => 'text/html,application/xhtml+xml,application/xml;q=0.9,image/webp,image/apng,*/*;q=0.8,application/signed-exchange;v=b3;q=0.9',
  'user-agent' => 'Mozilla/5.0 (Windows NT 6.1; WOW64) AppleWebKit/537.36 (KHTML, like Gecko) Chrome/80.0.3987.163 Safari/537.36',
  'upgrade-insecure-requests' => '1',
  'connection' => 'keep-alive',
  'host' => '192.168.2.134',
  'content-length' => '',
  'content-type' => '',
)
[ info ] [ PARAM ] array (
)
[ info ] [ LANG ] D:\phpStudy\WWW\Wangzhan\yunlibx\public/../application/api\lang\zh-cn.php
[ info ] [ BEHAVIOR ] Run app\common\behavior\Common @module_init [ RunTime:0.002000s ]
[ info ] [ RUN ] app\api\controller\Test->createM[ D:\phpStudy\WWW\Wangzhan\yunlibx\application\api\controller\Test.php ]
[ info ] [ LOG ] INIT File
[ error ] [0]类型错误: Return value of app\api\controller\Test::createM() must be of the type string, none returned[D:\phpStudy\WWW\Wangzhan\yunlibx\application\api\controller\Test.php:97]
---------------------------------------------------------------
[ 2020-04-21T14:17:45+08:00 ] 192.168.2.134 GET 192.168.2.134/favicon.ico
[运行时间：0.037002s] [吞吐率：27.03req/s] [内存消耗：2,069.98kb] [文件加载：108]
[ info ] [ BEHAVIOR ] Run Closure @app_init [ RunTime:0.000000s ]
[ info ] [ CACHE ] INIT File
[ info ] [ BEHAVIOR ] Run Closure @app_init [ RunTime:0.003000s ]
[ info ] [ LANG ] D:\phpStudy\WWW\Wangzhan\yunlibx\thinkphp\lang\zh-cn.php
[ info ] [ ROUTE ] array (
  'type' => 'module',
  'module' => 
  array (
    0 => 'favicon.ico',
    1 => NULL,
    2 => NULL,
  ),
)
[ info ] [ HEADER ] array (
  'cookie' => 'PHPSESSID=6uae9g3lp6g8svopakp5ut68mr',
  'accept-language' => 'zh-CN,zh;q=0.9',
  'accept-encoding' => 'gzip, deflate',
  'referer' => 'http://192.168.2.134/api/Test/createM',
  'accept' => 'image/webp,image/apng,image/*,*/*;q=0.8',
  'user-agent' => 'Mozilla/5.0 (Windows NT 6.1; WOW64) AppleWebKit/537.36 (KHTML, like Gecko) Chrome/80.0.3987.163 Safari/537.36',
  'connection' => 'keep-alive',
  'host' => '192.168.2.134',
  'content-length' => '',
  'content-type' => '',
)
[ info ] [ PARAM ] array (
)
[ info ] [ LOG ] INIT File
---------------------------------------------------------------
[ 2020-04-21T14:18:12+08:00 ] 192.168.2.134 GET 192.168.2.134/api/Test/createM
[运行时间：0.035002s] [吞吐率：28.57req/s] [内存消耗：2,721.66kb] [文件加载：116]
[ info ] [ BEHAVIOR ] Run Closure @app_init [ RunTime:0.000000s ]
[ info ] [ CACHE ] INIT File
[ info ] [ BEHAVIOR ] Run Closure @app_init [ RunTime:0.003000s ]
[ info ] [ LANG ] D:\phpStudy\WWW\Wangzhan\yunlibx\thinkphp\lang\zh-cn.php
[ info ] [ ROUTE ] array (
  'type' => 'module',
  'module' => 
  array (
    0 => 'api',
    1 => 'Test',
    2 => 'createM',
  ),
)
[ info ] [ HEADER ] array (
  'cookie' => 'PHPSESSID=6uae9g3lp6g8svopakp5ut68mr',
  'accept-language' => 'zh-CN,zh;q=0.9',
  'accept-encoding' => 'gzip, deflate',
  'accept' => 'text/html,application/xhtml+xml,application/xml;q=0.9,image/webp,image/apng,*/*;q=0.8,application/signed-exchange;v=b3;q=0.9',
  'user-agent' => 'Mozilla/5.0 (Windows NT 6.1; WOW64) AppleWebKit/537.36 (KHTML, like Gecko) Chrome/80.0.3987.163 Safari/537.36',
  'upgrade-insecure-requests' => '1',
  'cache-control' => 'max-age=0',
  'connection' => 'keep-alive',
  'host' => '192.168.2.134',
  'content-length' => '',
  'content-type' => '',
)
[ info ] [ PARAM ] array (
)
[ info ] [ LANG ] D:\phpStudy\WWW\Wangzhan\yunlibx\public/../application/api\lang\zh-cn.php
[ info ] [ BEHAVIOR ] Run app\common\behavior\Common @module_init [ RunTime:0.002000s ]
[ info ] [ RUN ] app\api\controller\Test->createM[ D:\phpStudy\WWW\Wangzhan\yunlibx\application\api\controller\Test.php ]
[ info ] [ LOG ] INIT File
---------------------------------------------------------------
[ 2020-04-21T14:18:13+08:00 ] 192.168.2.134 GET 192.168.2.134/api/Test/createM
[运行时间：0.038002s] [吞吐率：26.31req/s] [内存消耗：2,721.66kb] [文件加载：116]
[ info ] [ BEHAVIOR ] Run Closure @app_init [ RunTime:0.001000s ]
[ info ] [ CACHE ] INIT File
[ info ] [ BEHAVIOR ] Run Closure @app_init [ RunTime:0.002000s ]
[ info ] [ LANG ] D:\phpStudy\WWW\Wangzhan\yunlibx\thinkphp\lang\zh-cn.php
[ info ] [ ROUTE ] array (
  'type' => 'module',
  'module' => 
  array (
    0 => 'api',
    1 => 'Test',
    2 => 'createM',
  ),
)
[ info ] [ HEADER ] array (
  'cookie' => 'PHPSESSID=6uae9g3lp6g8svopakp5ut68mr',
  'accept-language' => 'zh-CN,zh;q=0.9',
  'accept-encoding' => 'gzip, deflate',
  'accept' => 'text/html,application/xhtml+xml,application/xml;q=0.9,image/webp,image/apng,*/*;q=0.8,application/signed-exchange;v=b3;q=0.9',
  'user-agent' => 'Mozilla/5.0 (Windows NT 6.1; WOW64) AppleWebKit/537.36 (KHTML, like Gecko) Chrome/80.0.3987.163 Safari/537.36',
  'upgrade-insecure-requests' => '1',
  'cache-control' => 'max-age=0',
  'connection' => 'keep-alive',
  'host' => '192.168.2.134',
  'content-length' => '',
  'content-type' => '',
)
[ info ] [ PARAM ] array (
)
[ info ] [ LANG ] D:\phpStudy\WWW\Wangzhan\yunlibx\public/../application/api\lang\zh-cn.php
[ info ] [ BEHAVIOR ] Run app\common\behavior\Common @module_init [ RunTime:0.001000s ]
[ info ] [ RUN ] app\api\controller\Test->createM[ D:\phpStudy\WWW\Wangzhan\yunlibx\application\api\controller\Test.php ]
[ info ] [ LOG ] INIT File
---------------------------------------------------------------
[ 2020-04-21T14:18:14+08:00 ] 192.168.2.134 GET 192.168.2.134/api/Test/createM
[运行时间：0.036002s] [吞吐率：27.78req/s] [内存消耗：2,721.66kb] [文件加载：116]
[ info ] [ BEHAVIOR ] Run Closure @app_init [ RunTime:0.000000s ]
[ info ] [ CACHE ] INIT File
[ info ] [ BEHAVIOR ] Run Closure @app_init [ RunTime:0.003000s ]
[ info ] [ LANG ] D:\phpStudy\WWW\Wangzhan\yunlibx\thinkphp\lang\zh-cn.php
[ info ] [ ROUTE ] array (
  'type' => 'module',
  'module' => 
  array (
    0 => 'api',
    1 => 'Test',
    2 => 'createM',
  ),
)
[ info ] [ HEADER ] array (
  'cookie' => 'PHPSESSID=6uae9g3lp6g8svopakp5ut68mr',
  'accept-language' => 'zh-CN,zh;q=0.9',
  'accept-encoding' => 'gzip, deflate',
  'accept' => 'text/html,application/xhtml+xml,application/xml;q=0.9,image/webp,image/apng,*/*;q=0.8,application/signed-exchange;v=b3;q=0.9',
  'user-agent' => 'Mozilla/5.0 (Windows NT 6.1; WOW64) AppleWebKit/537.36 (KHTML, like Gecko) Chrome/80.0.3987.163 Safari/537.36',
  'upgrade-insecure-requests' => '1',
  'cache-control' => 'max-age=0',
  'connection' => 'keep-alive',
  'host' => '192.168.2.134',
  'content-length' => '',
  'content-type' => '',
)
[ info ] [ PARAM ] array (
)
[ info ] [ LANG ] D:\phpStudy\WWW\Wangzhan\yunlibx\public/../application/api\lang\zh-cn.php
[ info ] [ BEHAVIOR ] Run app\common\behavior\Common @module_init [ RunTime:0.002000s ]
[ info ] [ RUN ] app\api\controller\Test->createM[ D:\phpStudy\WWW\Wangzhan\yunlibx\application\api\controller\Test.php ]
[ info ] [ LOG ] INIT File
---------------------------------------------------------------
[ 2020-04-21T14:18:14+08:00 ] 192.168.2.134 GET 192.168.2.134/api/Test/createM
[运行时间：0.036002s] [吞吐率：27.78req/s] [内存消耗：2,721.66kb] [文件加载：116]
[ info ] [ BEHAVIOR ] Run Closure @app_init [ RunTime:0.000000s ]
[ info ] [ CACHE ] INIT File
[ info ] [ BEHAVIOR ] Run Closure @app_init [ RunTime:0.002000s ]
[ info ] [ LANG ] D:\phpStudy\WWW\Wangzhan\yunlibx\thinkphp\lang\zh-cn.php
[ info ] [ ROUTE ] array (
  'type' => 'module',
  'module' => 
  array (
    0 => 'api',
    1 => 'Test',
    2 => 'createM',
  ),
)
[ info ] [ HEADER ] array (
  'cookie' => 'PHPSESSID=6uae9g3lp6g8svopakp5ut68mr',
  'accept-language' => 'zh-CN,zh;q=0.9',
  'accept-encoding' => 'gzip, deflate',
  'accept' => 'text/html,application/xhtml+xml,application/xml;q=0.9,image/webp,image/apng,*/*;q=0.8,application/signed-exchange;v=b3;q=0.9',
  'user-agent' => 'Mozilla/5.0 (Windows NT 6.1; WOW64) AppleWebKit/537.36 (KHTML, like Gecko) Chrome/80.0.3987.163 Safari/537.36',
  'upgrade-insecure-requests' => '1',
  'cache-control' => 'max-age=0',
  'connection' => 'keep-alive',
  'host' => '192.168.2.134',
  'content-length' => '',
  'content-type' => '',
)
[ info ] [ PARAM ] array (
)
[ info ] [ LANG ] D:\phpStudy\WWW\Wangzhan\yunlibx\public/../application/api\lang\zh-cn.php
[ info ] [ BEHAVIOR ] Run app\common\behavior\Common @module_init [ RunTime:0.002000s ]
[ info ] [ RUN ] app\api\controller\Test->createM[ D:\phpStudy\WWW\Wangzhan\yunlibx\application\api\controller\Test.php ]
[ info ] [ LOG ] INIT File
---------------------------------------------------------------
[ 2020-04-21T14:18:17+08:00 ] 192.168.2.134 GET 192.168.2.134/api/Test/createM
[运行时间：0.048003s] [吞吐率：20.83req/s] [内存消耗：2,721.66kb] [文件加载：116]
[ info ] [ BEHAVIOR ] Run Closure @app_init [ RunTime:0.000000s ]
[ info ] [ CACHE ] INIT File
[ info ] [ BEHAVIOR ] Run Closure @app_init [ RunTime:0.003000s ]
[ info ] [ LANG ] D:\phpStudy\WWW\Wangzhan\yunlibx\thinkphp\lang\zh-cn.php
[ info ] [ ROUTE ] array (
  'type' => 'module',
  'module' => 
  array (
    0 => 'api',
    1 => 'Test',
    2 => 'createM',
  ),
)
[ info ] [ HEADER ] array (
  'cookie' => 'PHPSESSID=6uae9g3lp6g8svopakp5ut68mr',
  'accept-language' => 'zh-CN,zh;q=0.9',
  'accept-encoding' => 'gzip, deflate',
  'accept' => 'text/html,application/xhtml+xml,application/xml;q=0.9,image/webp,image/apng,*/*;q=0.8,application/signed-exchange;v=b3;q=0.9',
  'user-agent' => 'Mozilla/5.0 (Windows NT 6.1; WOW64) AppleWebKit/537.36 (KHTML, like Gecko) Chrome/80.0.3987.163 Safari/537.36',
  'upgrade-insecure-requests' => '1',
  'cache-control' => 'max-age=0',
  'connection' => 'keep-alive',
  'host' => '192.168.2.134',
  'content-length' => '',
  'content-type' => '',
)
[ info ] [ PARAM ] array (
)
[ info ] [ LANG ] D:\phpStudy\WWW\Wangzhan\yunlibx\public/../application/api\lang\zh-cn.php
[ info ] [ BEHAVIOR ] Run app\common\behavior\Common @module_init [ RunTime:0.002000s ]
[ info ] [ RUN ] app\api\controller\Test->createM[ D:\phpStudy\WWW\Wangzhan\yunlibx\application\api\controller\Test.php ]
[ info ] [ LOG ] INIT File
---------------------------------------------------------------
[ 2020-04-21T14:18:17+08:00 ] 192.168.2.134 GET 192.168.2.134/api/Test/createM
[运行时间：0.033002s] [吞吐率：30.30req/s] [内存消耗：2,721.66kb] [文件加载：116]
[ info ] [ BEHAVIOR ] Run Closure @app_init [ RunTime:0.000000s ]
[ info ] [ CACHE ] INIT File
[ info ] [ BEHAVIOR ] Run Closure @app_init [ RunTime:0.002001s ]
[ info ] [ LANG ] D:\phpStudy\WWW\Wangzhan\yunlibx\thinkphp\lang\zh-cn.php
[ info ] [ ROUTE ] array (
  'type' => 'module',
  'module' => 
  array (
    0 => 'api',
    1 => 'Test',
    2 => 'createM',
  ),
)
[ info ] [ HEADER ] array (
  'cookie' => 'PHPSESSID=6uae9g3lp6g8svopakp5ut68mr',
  'accept-language' => 'zh-CN,zh;q=0.9',
  'accept-encoding' => 'gzip, deflate',
  'accept' => 'text/html,application/xhtml+xml,application/xml;q=0.9,image/webp,image/apng,*/*;q=0.8,application/signed-exchange;v=b3;q=0.9',
  'user-agent' => 'Mozilla/5.0 (Windows NT 6.1; WOW64) AppleWebKit/537.36 (KHTML, like Gecko) Chrome/80.0.3987.163 Safari/537.36',
  'upgrade-insecure-requests' => '1',
  'cache-control' => 'max-age=0',
  'connection' => 'keep-alive',
  'host' => '192.168.2.134',
  'content-length' => '',
  'content-type' => '',
)
[ info ] [ PARAM ] array (
)
[ info ] [ LANG ] D:\phpStudy\WWW\Wangzhan\yunlibx\public/../application/api\lang\zh-cn.php
[ info ] [ BEHAVIOR ] Run app\common\behavior\Common @module_init [ RunTime:0.002000s ]
[ info ] [ RUN ] app\api\controller\Test->createM[ D:\phpStudy\WWW\Wangzhan\yunlibx\application\api\controller\Test.php ]
[ info ] [ LOG ] INIT File
---------------------------------------------------------------
[ 2020-04-21T14:19:15+08:00 ] 192.168.2.134 GET 192.168.2.134/api/Test/createM
[运行时间：0.053003s] [吞吐率：18.87req/s] [内存消耗：2,721.66kb] [文件加载：116]
[ info ] [ BEHAVIOR ] Run Closure @app_init [ RunTime:0.000000s ]
[ info ] [ CACHE ] INIT File
[ info ] [ BEHAVIOR ] Run Closure @app_init [ RunTime:0.003001s ]
[ info ] [ LANG ] D:\phpStudy\WWW\Wangzhan\yunlibx\thinkphp\lang\zh-cn.php
[ info ] [ ROUTE ] array (
  'type' => 'module',
  'module' => 
  array (
    0 => 'api',
    1 => 'Test',
    2 => 'createM',
  ),
)
[ info ] [ HEADER ] array (
  'cookie' => 'PHPSESSID=6uae9g3lp6g8svopakp5ut68mr',
  'accept-language' => 'zh-CN,zh;q=0.9',
  'accept-encoding' => 'gzip, deflate',
  'accept' => 'text/html,application/xhtml+xml,application/xml;q=0.9,image/webp,image/apng,*/*;q=0.8,application/signed-exchange;v=b3;q=0.9',
  'user-agent' => 'Mozilla/5.0 (Windows NT 6.1; WOW64) AppleWebKit/537.36 (KHTML, like Gecko) Chrome/80.0.3987.163 Safari/537.36',
  'upgrade-insecure-requests' => '1',
  'cache-control' => 'max-age=0',
  'connection' => 'keep-alive',
  'host' => '192.168.2.134',
  'content-length' => '',
  'content-type' => '',
)
[ info ] [ PARAM ] array (
)
[ info ] [ LANG ] D:\phpStudy\WWW\Wangzhan\yunlibx\public/../application/api\lang\zh-cn.php
[ info ] [ BEHAVIOR ] Run app\common\behavior\Common @module_init [ RunTime:0.002000s ]
[ info ] [ RUN ] app\api\controller\Test->createM[ D:\phpStudy\WWW\Wangzhan\yunlibx\application\api\controller\Test.php ]
[ info ] [ LOG ] INIT File
---------------------------------------------------------------
[ 2020-04-21T14:19:17+08:00 ] 192.168.2.134 GET 192.168.2.134/api/Test/createM
[运行时间：0.037002s] [吞吐率：27.03req/s] [内存消耗：2,721.66kb] [文件加载：116]
[ info ] [ BEHAVIOR ] Run Closure @app_init [ RunTime:0.001000s ]
[ info ] [ CACHE ] INIT File
[ info ] [ BEHAVIOR ] Run Closure @app_init [ RunTime:0.003001s ]
[ info ] [ LANG ] D:\phpStudy\WWW\Wangzhan\yunlibx\thinkphp\lang\zh-cn.php
[ info ] [ ROUTE ] array (
  'type' => 'module',
  'module' => 
  array (
    0 => 'api',
    1 => 'Test',
    2 => 'createM',
  ),
)
[ info ] [ HEADER ] array (
  'cookie' => 'PHPSESSID=6uae9g3lp6g8svopakp5ut68mr',
  'accept-language' => 'zh-CN,zh;q=0.9',
  'accept-encoding' => 'gzip, deflate',
  'accept' => 'text/html,application/xhtml+xml,application/xml;q=0.9,image/webp,image/apng,*/*;q=0.8,application/signed-exchange;v=b3;q=0.9',
  'user-agent' => 'Mozilla/5.0 (Windows NT 6.1; WOW64) AppleWebKit/537.36 (KHTML, like Gecko) Chrome/80.0.3987.163 Safari/537.36',
  'upgrade-insecure-requests' => '1',
  'cache-control' => 'max-age=0',
  'connection' => 'keep-alive',
  'host' => '192.168.2.134',
  'content-length' => '',
  'content-type' => '',
)
[ info ] [ PARAM ] array (
)
[ info ] [ LANG ] D:\phpStudy\WWW\Wangzhan\yunlibx\public/../application/api\lang\zh-cn.php
[ info ] [ BEHAVIOR ] Run app\common\behavior\Common @module_init [ RunTime:0.002000s ]
[ info ] [ RUN ] app\api\controller\Test->createM[ D:\phpStudy\WWW\Wangzhan\yunlibx\application\api\controller\Test.php ]
[ info ] [ LOG ] INIT File
---------------------------------------------------------------
[ 2020-04-21T14:19:32+08:00 ] 192.168.2.134 GET 192.168.2.134/api/Test/createM
[运行时间：0.042003s] [吞吐率：23.81req/s] [内存消耗：2,721.68kb] [文件加载：116]
[ info ] [ BEHAVIOR ] Run Closure @app_init [ RunTime:0.000000s ]
[ info ] [ CACHE ] INIT File
[ info ] [ BEHAVIOR ] Run Closure @app_init [ RunTime:0.002000s ]
[ info ] [ LANG ] D:\phpStudy\WWW\Wangzhan\yunlibx\thinkphp\lang\zh-cn.php
[ info ] [ ROUTE ] array (
  'type' => 'module',
  'module' => 
  array (
    0 => 'api',
    1 => 'Test',
    2 => 'createM',
  ),
)
[ info ] [ HEADER ] array (
  'cookie' => 'PHPSESSID=6uae9g3lp6g8svopakp5ut68mr',
  'accept-language' => 'zh-CN,zh;q=0.9',
  'accept-encoding' => 'gzip, deflate',
  'accept' => 'text/html,application/xhtml+xml,application/xml;q=0.9,image/webp,image/apng,*/*;q=0.8,application/signed-exchange;v=b3;q=0.9',
  'user-agent' => 'Mozilla/5.0 (Windows NT 6.1; WOW64) AppleWebKit/537.36 (KHTML, like Gecko) Chrome/80.0.3987.163 Safari/537.36',
  'upgrade-insecure-requests' => '1',
  'cache-control' => 'max-age=0',
  'connection' => 'keep-alive',
  'host' => '192.168.2.134',
  'content-length' => '',
  'content-type' => '',
)
[ info ] [ PARAM ] array (
)
[ info ] [ LANG ] D:\phpStudy\WWW\Wangzhan\yunlibx\public/../application/api\lang\zh-cn.php
[ info ] [ BEHAVIOR ] Run app\common\behavior\Common @module_init [ RunTime:0.002000s ]
[ info ] [ RUN ] app\api\controller\Test->createM[ D:\phpStudy\WWW\Wangzhan\yunlibx\application\api\controller\Test.php ]
[ info ] [ LOG ] INIT File
---------------------------------------------------------------
[ 2020-04-21T14:19:33+08:00 ] 192.168.2.134 GET 192.168.2.134/api/Test/createM
[运行时间：0.038002s] [吞吐率：26.31req/s] [内存消耗：2,721.68kb] [文件加载：116]
[ info ] [ BEHAVIOR ] Run Closure @app_init [ RunTime:0.000000s ]
[ info ] [ CACHE ] INIT File
[ info ] [ BEHAVIOR ] Run Closure @app_init [ RunTime:0.002001s ]
[ info ] [ LANG ] D:\phpStudy\WWW\Wangzhan\yunlibx\thinkphp\lang\zh-cn.php
[ info ] [ ROUTE ] array (
  'type' => 'module',
  'module' => 
  array (
    0 => 'api',
    1 => 'Test',
    2 => 'createM',
  ),
)
[ info ] [ HEADER ] array (
  'cookie' => 'PHPSESSID=6uae9g3lp6g8svopakp5ut68mr',
  'accept-language' => 'zh-CN,zh;q=0.9',
  'accept-encoding' => 'gzip, deflate',
  'accept' => 'text/html,application/xhtml+xml,application/xml;q=0.9,image/webp,image/apng,*/*;q=0.8,application/signed-exchange;v=b3;q=0.9',
  'user-agent' => 'Mozilla/5.0 (Windows NT 6.1; WOW64) AppleWebKit/537.36 (KHTML, like Gecko) Chrome/80.0.3987.163 Safari/537.36',
  'upgrade-insecure-requests' => '1',
  'cache-control' => 'max-age=0',
  'connection' => 'keep-alive',
  'host' => '192.168.2.134',
  'content-length' => '',
  'content-type' => '',
)
[ info ] [ PARAM ] array (
)
[ info ] [ LANG ] D:\phpStudy\WWW\Wangzhan\yunlibx\public/../application/api\lang\zh-cn.php
[ info ] [ BEHAVIOR ] Run app\common\behavior\Common @module_init [ RunTime:0.001000s ]
[ info ] [ RUN ] app\api\controller\Test->createM[ D:\phpStudy\WWW\Wangzhan\yunlibx\application\api\controller\Test.php ]
[ info ] [ LOG ] INIT File
---------------------------------------------------------------
[ 2020-04-21T14:19:33+08:00 ] 192.168.2.134 GET 192.168.2.134/api/Test/createM
[运行时间：0.033002s] [吞吐率：30.30req/s] [内存消耗：2,721.68kb] [文件加载：116]
[ info ] [ BEHAVIOR ] Run Closure @app_init [ RunTime:0.000000s ]
[ info ] [ CACHE ] INIT File
[ info ] [ BEHAVIOR ] Run Closure @app_init [ RunTime:0.002000s ]
[ info ] [ LANG ] D:\phpStudy\WWW\Wangzhan\yunlibx\thinkphp\lang\zh-cn.php
[ info ] [ ROUTE ] array (
  'type' => 'module',
  'module' => 
  array (
    0 => 'api',
    1 => 'Test',
    2 => 'createM',
  ),
)
[ info ] [ HEADER ] array (
  'cookie' => 'PHPSESSID=6uae9g3lp6g8svopakp5ut68mr',
  'accept-language' => 'zh-CN,zh;q=0.9',
  'accept-encoding' => 'gzip, deflate',
  'accept' => 'text/html,application/xhtml+xml,application/xml;q=0.9,image/webp,image/apng,*/*;q=0.8,application/signed-exchange;v=b3;q=0.9',
  'user-agent' => 'Mozilla/5.0 (Windows NT 6.1; WOW64) AppleWebKit/537.36 (KHTML, like Gecko) Chrome/80.0.3987.163 Safari/537.36',
  'upgrade-insecure-requests' => '1',
  'cache-control' => 'max-age=0',
  'connection' => 'keep-alive',
  'host' => '192.168.2.134',
  'content-length' => '',
  'content-type' => '',
)
[ info ] [ PARAM ] array (
)
[ info ] [ LANG ] D:\phpStudy\WWW\Wangzhan\yunlibx\public/../application/api\lang\zh-cn.php
[ info ] [ BEHAVIOR ] Run app\common\behavior\Common @module_init [ RunTime:0.002000s ]
[ info ] [ RUN ] app\api\controller\Test->createM[ D:\phpStudy\WWW\Wangzhan\yunlibx\application\api\controller\Test.php ]
[ info ] [ LOG ] INIT File
---------------------------------------------------------------
[ 2020-04-21T14:19:33+08:00 ] 192.168.2.134 GET 192.168.2.134/api/Test/createM
[运行时间：0.034002s] [吞吐率：29.41req/s] [内存消耗：2,721.68kb] [文件加载：116]
[ info ] [ BEHAVIOR ] Run Closure @app_init [ RunTime:0.000000s ]
[ info ] [ CACHE ] INIT File
[ info ] [ BEHAVIOR ] Run Closure @app_init [ RunTime:0.002000s ]
[ info ] [ LANG ] D:\phpStudy\WWW\Wangzhan\yunlibx\thinkphp\lang\zh-cn.php
[ info ] [ ROUTE ] array (
  'type' => 'module',
  'module' => 
  array (
    0 => 'api',
    1 => 'Test',
    2 => 'createM',
  ),
)
[ info ] [ HEADER ] array (
  'cookie' => 'PHPSESSID=6uae9g3lp6g8svopakp5ut68mr',
  'accept-language' => 'zh-CN,zh;q=0.9',
  'accept-encoding' => 'gzip, deflate',
  'accept' => 'text/html,application/xhtml+xml,application/xml;q=0.9,image/webp,image/apng,*/*;q=0.8,application/signed-exchange;v=b3;q=0.9',
  'user-agent' => 'Mozilla/5.0 (Windows NT 6.1; WOW64) AppleWebKit/537.36 (KHTML, like Gecko) Chrome/80.0.3987.163 Safari/537.36',
  'upgrade-insecure-requests' => '1',
  'cache-control' => 'max-age=0',
  'connection' => 'keep-alive',
  'host' => '192.168.2.134',
  'content-length' => '',
  'content-type' => '',
)
[ info ] [ PARAM ] array (
)
[ info ] [ LANG ] D:\phpStudy\WWW\Wangzhan\yunlibx\public/../application/api\lang\zh-cn.php
[ info ] [ BEHAVIOR ] Run app\common\behavior\Common @module_init [ RunTime:0.002000s ]
[ info ] [ RUN ] app\api\controller\Test->createM[ D:\phpStudy\WWW\Wangzhan\yunlibx\application\api\controller\Test.php ]
[ info ] [ LOG ] INIT File
---------------------------------------------------------------
[ 2020-04-21T14:20:09+08:00 ] 192.168.2.134 GET 192.168.2.134/api/Test/createM
[运行时间：0.037002s] [吞吐率：27.03req/s] [内存消耗：2,721.68kb] [文件加载：116]
[ info ] [ BEHAVIOR ] Run Closure @app_init [ RunTime:0.000000s ]
[ info ] [ CACHE ] INIT File
[ info ] [ BEHAVIOR ] Run Closure @app_init [ RunTime:0.002000s ]
[ info ] [ LANG ] D:\phpStudy\WWW\Wangzhan\yunlibx\thinkphp\lang\zh-cn.php
[ info ] [ ROUTE ] array (
  'type' => 'module',
  'module' => 
  array (
    0 => 'api',
    1 => 'Test',
    2 => 'createM',
  ),
)
[ info ] [ HEADER ] array (
  'cookie' => 'PHPSESSID=6uae9g3lp6g8svopakp5ut68mr',
  'accept-language' => 'zh-CN,zh;q=0.9',
  'accept-encoding' => 'gzip, deflate',
  'accept' => 'text/html,application/xhtml+xml,application/xml;q=0.9,image/webp,image/apng,*/*;q=0.8,application/signed-exchange;v=b3;q=0.9',
  'user-agent' => 'Mozilla/5.0 (Windows NT 6.1; WOW64) AppleWebKit/537.36 (KHTML, like Gecko) Chrome/80.0.3987.163 Safari/537.36',
  'upgrade-insecure-requests' => '1',
  'cache-control' => 'max-age=0',
  'connection' => 'keep-alive',
  'host' => '192.168.2.134',
  'content-length' => '',
  'content-type' => '',
)
[ info ] [ PARAM ] array (
)
[ info ] [ LANG ] D:\phpStudy\WWW\Wangzhan\yunlibx\public/../application/api\lang\zh-cn.php
[ info ] [ BEHAVIOR ] Run app\common\behavior\Common @module_init [ RunTime:0.001000s ]
[ info ] [ RUN ] app\api\controller\Test->createM[ D:\phpStudy\WWW\Wangzhan\yunlibx\application\api\controller\Test.php ]
[ info ] [ LOG ] INIT File
---------------------------------------------------------------
[ 2020-04-21T14:20:10+08:00 ] 192.168.2.134 GET 192.168.2.134/api/Test/createM
[运行时间：0.041002s] [吞吐率：24.39req/s] [内存消耗：2,721.68kb] [文件加载：116]
[ info ] [ BEHAVIOR ] Run Closure @app_init [ RunTime:0.000000s ]
[ info ] [ CACHE ] INIT File
[ info ] [ BEHAVIOR ] Run Closure @app_init [ RunTime:0.003001s ]
[ info ] [ LANG ] D:\phpStudy\WWW\Wangzhan\yunlibx\thinkphp\lang\zh-cn.php
[ info ] [ ROUTE ] array (
  'type' => 'module',
  'module' => 
  array (
    0 => 'api',
    1 => 'Test',
    2 => 'createM',
  ),
)
[ info ] [ HEADER ] array (
  'cookie' => 'PHPSESSID=6uae9g3lp6g8svopakp5ut68mr',
  'accept-language' => 'zh-CN,zh;q=0.9',
  'accept-encoding' => 'gzip, deflate',
  'accept' => 'text/html,application/xhtml+xml,application/xml;q=0.9,image/webp,image/apng,*/*;q=0.8,application/signed-exchange;v=b3;q=0.9',
  'user-agent' => 'Mozilla/5.0 (Windows NT 6.1; WOW64) AppleWebKit/537.36 (KHTML, like Gecko) Chrome/80.0.3987.163 Safari/537.36',
  'upgrade-insecure-requests' => '1',
  'cache-control' => 'max-age=0',
  'connection' => 'keep-alive',
  'host' => '192.168.2.134',
  'content-length' => '',
  'content-type' => '',
)
[ info ] [ PARAM ] array (
)
[ info ] [ LANG ] D:\phpStudy\WWW\Wangzhan\yunlibx\public/../application/api\lang\zh-cn.php
[ info ] [ BEHAVIOR ] Run app\common\behavior\Common @module_init [ RunTime:0.002000s ]
[ info ] [ RUN ] app\api\controller\Test->createM[ D:\phpStudy\WWW\Wangzhan\yunlibx\application\api\controller\Test.php ]
[ info ] [ LOG ] INIT File
---------------------------------------------------------------
[ 2020-04-21T14:20:10+08:00 ] 192.168.2.134 GET 192.168.2.134/api/Test/createM
[运行时间：0.037002s] [吞吐率：27.03req/s] [内存消耗：2,721.68kb] [文件加载：116]
[ info ] [ BEHAVIOR ] Run Closure @app_init [ RunTime:0.000000s ]
[ info ] [ CACHE ] INIT File
[ info ] [ BEHAVIOR ] Run Closure @app_init [ RunTime:0.002000s ]
[ info ] [ LANG ] D:\phpStudy\WWW\Wangzhan\yunlibx\thinkphp\lang\zh-cn.php
[ info ] [ ROUTE ] array (
  'type' => 'module',
  'module' => 
  array (
    0 => 'api',
    1 => 'Test',
    2 => 'createM',
  ),
)
[ info ] [ HEADER ] array (
  'cookie' => 'PHPSESSID=6uae9g3lp6g8svopakp5ut68mr',
  'accept-language' => 'zh-CN,zh;q=0.9',
  'accept-encoding' => 'gzip, deflate',
  'accept' => 'text/html,application/xhtml+xml,application/xml;q=0.9,image/webp,image/apng,*/*;q=0.8,application/signed-exchange;v=b3;q=0.9',
  'user-agent' => 'Mozilla/5.0 (Windows NT 6.1; WOW64) AppleWebKit/537.36 (KHTML, like Gecko) Chrome/80.0.3987.163 Safari/537.36',
  'upgrade-insecure-requests' => '1',
  'cache-control' => 'max-age=0',
  'connection' => 'keep-alive',
  'host' => '192.168.2.134',
  'content-length' => '',
  'content-type' => '',
)
[ info ] [ PARAM ] array (
)
[ info ] [ LANG ] D:\phpStudy\WWW\Wangzhan\yunlibx\public/../application/api\lang\zh-cn.php
[ info ] [ BEHAVIOR ] Run app\common\behavior\Common @module_init [ RunTime:0.001000s ]
[ info ] [ RUN ] app\api\controller\Test->createM[ D:\phpStudy\WWW\Wangzhan\yunlibx\application\api\controller\Test.php ]
[ info ] [ LOG ] INIT File
---------------------------------------------------------------
[ 2020-04-21T14:20:10+08:00 ] 192.168.2.134 GET 192.168.2.134/api/Test/createM
[运行时间：0.037002s] [吞吐率：27.03req/s] [内存消耗：2,721.68kb] [文件加载：116]
[ info ] [ BEHAVIOR ] Run Closure @app_init [ RunTime:0.000000s ]
[ info ] [ CACHE ] INIT File
[ info ] [ BEHAVIOR ] Run Closure @app_init [ RunTime:0.003000s ]
[ info ] [ LANG ] D:\phpStudy\WWW\Wangzhan\yunlibx\thinkphp\lang\zh-cn.php
[ info ] [ ROUTE ] array (
  'type' => 'module',
  'module' => 
  array (
    0 => 'api',
    1 => 'Test',
    2 => 'createM',
  ),
)
[ info ] [ HEADER ] array (
  'cookie' => 'PHPSESSID=6uae9g3lp6g8svopakp5ut68mr',
  'accept-language' => 'zh-CN,zh;q=0.9',
  'accept-encoding' => 'gzip, deflate',
  'accept' => 'text/html,application/xhtml+xml,application/xml;q=0.9,image/webp,image/apng,*/*;q=0.8,application/signed-exchange;v=b3;q=0.9',
  'user-agent' => 'Mozilla/5.0 (Windows NT 6.1; WOW64) AppleWebKit/537.36 (KHTML, like Gecko) Chrome/80.0.3987.163 Safari/537.36',
  'upgrade-insecure-requests' => '1',
  'cache-control' => 'max-age=0',
  'connection' => 'keep-alive',
  'host' => '192.168.2.134',
  'content-length' => '',
  'content-type' => '',
)
[ info ] [ PARAM ] array (
)
[ info ] [ LANG ] D:\phpStudy\WWW\Wangzhan\yunlibx\public/../application/api\lang\zh-cn.php
[ info ] [ BEHAVIOR ] Run app\common\behavior\Common @module_init [ RunTime:0.002000s ]
[ info ] [ RUN ] app\api\controller\Test->createM[ D:\phpStudy\WWW\Wangzhan\yunlibx\application\api\controller\Test.php ]
[ info ] [ LOG ] INIT File
---------------------------------------------------------------
[ 2020-04-21T14:20:11+08:00 ] 192.168.2.134 GET 192.168.2.134/api/Test/createM
[运行时间：0.036002s] [吞吐率：27.78req/s] [内存消耗：2,721.68kb] [文件加载：116]
[ info ] [ BEHAVIOR ] Run Closure @app_init [ RunTime:0.000000s ]
[ info ] [ CACHE ] INIT File
[ info ] [ BEHAVIOR ] Run Closure @app_init [ RunTime:0.003000s ]
[ info ] [ LANG ] D:\phpStudy\WWW\Wangzhan\yunlibx\thinkphp\lang\zh-cn.php
[ info ] [ ROUTE ] array (
  'type' => 'module',
  'module' => 
  array (
    0 => 'api',
    1 => 'Test',
    2 => 'createM',
  ),
)
[ info ] [ HEADER ] array (
  'cookie' => 'PHPSESSID=6uae9g3lp6g8svopakp5ut68mr',
  'accept-language' => 'zh-CN,zh;q=0.9',
  'accept-encoding' => 'gzip, deflate',
  'accept' => 'text/html,application/xhtml+xml,application/xml;q=0.9,image/webp,image/apng,*/*;q=0.8,application/signed-exchange;v=b3;q=0.9',
  'user-agent' => 'Mozilla/5.0 (Windows NT 6.1; WOW64) AppleWebKit/537.36 (KHTML, like Gecko) Chrome/80.0.3987.163 Safari/537.36',
  'upgrade-insecure-requests' => '1',
  'cache-control' => 'max-age=0',
  'connection' => 'keep-alive',
  'host' => '192.168.2.134',
  'content-length' => '',
  'content-type' => '',
)
[ info ] [ PARAM ] array (
)
[ info ] [ LANG ] D:\phpStudy\WWW\Wangzhan\yunlibx\public/../application/api\lang\zh-cn.php
[ info ] [ BEHAVIOR ] Run app\common\behavior\Common @module_init [ RunTime:0.001000s ]
[ info ] [ RUN ] app\api\controller\Test->createM[ D:\phpStudy\WWW\Wangzhan\yunlibx\application\api\controller\Test.php ]
[ info ] [ LOG ] INIT File
---------------------------------------------------------------
[ 2020-04-21T14:20:11+08:00 ] 192.168.2.134 GET 192.168.2.134/api/Test/createM
[运行时间：0.038002s] [吞吐率：26.31req/s] [内存消耗：2,721.68kb] [文件加载：116]
[ info ] [ BEHAVIOR ] Run Closure @app_init [ RunTime:0.000000s ]
[ info ] [ CACHE ] INIT File
[ info ] [ BEHAVIOR ] Run Closure @app_init [ RunTime:0.003001s ]
[ info ] [ LANG ] D:\phpStudy\WWW\Wangzhan\yunlibx\thinkphp\lang\zh-cn.php
[ info ] [ ROUTE ] array (
  'type' => 'module',
  'module' => 
  array (
    0 => 'api',
    1 => 'Test',
    2 => 'createM',
  ),
)
[ info ] [ HEADER ] array (
  'cookie' => 'PHPSESSID=6uae9g3lp6g8svopakp5ut68mr',
  'accept-language' => 'zh-CN,zh;q=0.9',
  'accept-encoding' => 'gzip, deflate',
  'accept' => 'text/html,application/xhtml+xml,application/xml;q=0.9,image/webp,image/apng,*/*;q=0.8,application/signed-exchange;v=b3;q=0.9',
  'user-agent' => 'Mozilla/5.0 (Windows NT 6.1; WOW64) AppleWebKit/537.36 (KHTML, like Gecko) Chrome/80.0.3987.163 Safari/537.36',
  'upgrade-insecure-requests' => '1',
  'cache-control' => 'max-age=0',
  'connection' => 'keep-alive',
  'host' => '192.168.2.134',
  'content-length' => '',
  'content-type' => '',
)
[ info ] [ PARAM ] array (
)
[ info ] [ LANG ] D:\phpStudy\WWW\Wangzhan\yunlibx\public/../application/api\lang\zh-cn.php
[ info ] [ BEHAVIOR ] Run app\common\behavior\Common @module_init [ RunTime:0.002000s ]
[ info ] [ RUN ] app\api\controller\Test->createM[ D:\phpStudy\WWW\Wangzhan\yunlibx\application\api\controller\Test.php ]
[ info ] [ LOG ] INIT File
---------------------------------------------------------------
[ 2020-04-21T14:20:11+08:00 ] 192.168.2.134 GET 192.168.2.134/api/Test/createM
[运行时间：0.037002s] [吞吐率：27.03req/s] [内存消耗：2,721.68kb] [文件加载：116]
[ info ] [ BEHAVIOR ] Run Closure @app_init [ RunTime:0.000000s ]
[ info ] [ CACHE ] INIT File
[ info ] [ BEHAVIOR ] Run Closure @app_init [ RunTime:0.003000s ]
[ info ] [ LANG ] D:\phpStudy\WWW\Wangzhan\yunlibx\thinkphp\lang\zh-cn.php
[ info ] [ ROUTE ] array (
  'type' => 'module',
  'module' => 
  array (
    0 => 'api',
    1 => 'Test',
    2 => 'createM',
  ),
)
[ info ] [ HEADER ] array (
  'cookie' => 'PHPSESSID=6uae9g3lp6g8svopakp5ut68mr',
  'accept-language' => 'zh-CN,zh;q=0.9',
  'accept-encoding' => 'gzip, deflate',
  'accept' => 'text/html,application/xhtml+xml,application/xml;q=0.9,image/webp,image/apng,*/*;q=0.8,application/signed-exchange;v=b3;q=0.9',
  'user-agent' => 'Mozilla/5.0 (Windows NT 6.1; WOW64) AppleWebKit/537.36 (KHTML, like Gecko) Chrome/80.0.3987.163 Safari/537.36',
  'upgrade-insecure-requests' => '1',
  'cache-control' => 'max-age=0',
  'connection' => 'keep-alive',
  'host' => '192.168.2.134',
  'content-length' => '',
  'content-type' => '',
)
[ info ] [ PARAM ] array (
)
[ info ] [ LANG ] D:\phpStudy\WWW\Wangzhan\yunlibx\public/../application/api\lang\zh-cn.php
[ info ] [ BEHAVIOR ] Run app\common\behavior\Common @module_init [ RunTime:0.002001s ]
[ info ] [ RUN ] app\api\controller\Test->createM[ D:\phpStudy\WWW\Wangzhan\yunlibx\application\api\controller\Test.php ]
[ info ] [ LOG ] INIT File
---------------------------------------------------------------
[ 2020-04-21T14:20:28+08:00 ] 192.168.2.134 GET 192.168.2.134/api/Test/createM
[运行时间：0.041003s] [吞吐率：24.39req/s] [内存消耗：2,721.66kb] [文件加载：116]
[ info ] [ BEHAVIOR ] Run Closure @app_init [ RunTime:0.000000s ]
[ info ] [ CACHE ] INIT File
[ info ] [ BEHAVIOR ] Run Closure @app_init [ RunTime:0.003000s ]
[ info ] [ LANG ] D:\phpStudy\WWW\Wangzhan\yunlibx\thinkphp\lang\zh-cn.php
[ info ] [ ROUTE ] array (
  'type' => 'module',
  'module' => 
  array (
    0 => 'api',
    1 => 'Test',
    2 => 'createM',
  ),
)
[ info ] [ HEADER ] array (
  'cookie' => 'PHPSESSID=6uae9g3lp6g8svopakp5ut68mr',
  'accept-language' => 'zh-CN,zh;q=0.9',
  'accept-encoding' => 'gzip, deflate',
  'accept' => 'text/html,application/xhtml+xml,application/xml;q=0.9,image/webp,image/apng,*/*;q=0.8,application/signed-exchange;v=b3;q=0.9',
  'user-agent' => 'Mozilla/5.0 (Windows NT 6.1; WOW64) AppleWebKit/537.36 (KHTML, like Gecko) Chrome/80.0.3987.163 Safari/537.36',
  'upgrade-insecure-requests' => '1',
  'cache-control' => 'max-age=0',
  'connection' => 'keep-alive',
  'host' => '192.168.2.134',
  'content-length' => '',
  'content-type' => '',
)
[ info ] [ PARAM ] array (
)
[ info ] [ LANG ] D:\phpStudy\WWW\Wangzhan\yunlibx\public/../application/api\lang\zh-cn.php
[ info ] [ BEHAVIOR ] Run app\common\behavior\Common @module_init [ RunTime:0.002000s ]
[ info ] [ RUN ] app\api\controller\Test->createM[ D:\phpStudy\WWW\Wangzhan\yunlibx\application\api\controller\Test.php ]
[ info ] [ LOG ] INIT File
---------------------------------------------------------------
[ 2020-04-21T14:20:29+08:00 ] 192.168.2.134 GET 192.168.2.134/api/Test/createM
[运行时间：0.037002s] [吞吐率：27.03req/s] [内存消耗：2,721.66kb] [文件加载：116]
[ info ] [ BEHAVIOR ] Run Closure @app_init [ RunTime:0.000000s ]
[ info ] [ CACHE ] INIT File
[ info ] [ BEHAVIOR ] Run Closure @app_init [ RunTime:0.003000s ]
[ info ] [ LANG ] D:\phpStudy\WWW\Wangzhan\yunlibx\thinkphp\lang\zh-cn.php
[ info ] [ ROUTE ] array (
  'type' => 'module',
  'module' => 
  array (
    0 => 'api',
    1 => 'Test',
    2 => 'createM',
  ),
)
[ info ] [ HEADER ] array (
  'cookie' => 'PHPSESSID=6uae9g3lp6g8svopakp5ut68mr',
  'accept-language' => 'zh-CN,zh;q=0.9',
  'accept-encoding' => 'gzip, deflate',
  'accept' => 'text/html,application/xhtml+xml,application/xml;q=0.9,image/webp,image/apng,*/*;q=0.8,application/signed-exchange;v=b3;q=0.9',
  'user-agent' => 'Mozilla/5.0 (Windows NT 6.1; WOW64) AppleWebKit/537.36 (KHTML, like Gecko) Chrome/80.0.3987.163 Safari/537.36',
  'upgrade-insecure-requests' => '1',
  'cache-control' => 'max-age=0',
  'connection' => 'keep-alive',
  'host' => '192.168.2.134',
  'content-length' => '',
  'content-type' => '',
)
[ info ] [ PARAM ] array (
)
[ info ] [ LANG ] D:\phpStudy\WWW\Wangzhan\yunlibx\public/../application/api\lang\zh-cn.php
[ info ] [ BEHAVIOR ] Run app\common\behavior\Common @module_init [ RunTime:0.001000s ]
[ info ] [ RUN ] app\api\controller\Test->createM[ D:\phpStudy\WWW\Wangzhan\yunlibx\application\api\controller\Test.php ]
[ info ] [ LOG ] INIT File
---------------------------------------------------------------
[ 2020-04-21T14:20:29+08:00 ] 192.168.2.134 GET 192.168.2.134/api/Test/createM
[运行时间：0.033002s] [吞吐率：30.30req/s] [内存消耗：2,721.66kb] [文件加载：116]
[ info ] [ BEHAVIOR ] Run Closure @app_init [ RunTime:0.000000s ]
[ info ] [ CACHE ] INIT File
[ info ] [ BEHAVIOR ] Run Closure @app_init [ RunTime:0.002000s ]
[ info ] [ LANG ] D:\phpStudy\WWW\Wangzhan\yunlibx\thinkphp\lang\zh-cn.php
[ info ] [ ROUTE ] array (
  'type' => 'module',
  'module' => 
  array (
    0 => 'api',
    1 => 'Test',
    2 => 'createM',
  ),
)
[ info ] [ HEADER ] array (
  'cookie' => 'PHPSESSID=6uae9g3lp6g8svopakp5ut68mr',
  'accept-language' => 'zh-CN,zh;q=0.9',
  'accept-encoding' => 'gzip, deflate',
  'accept' => 'text/html,application/xhtml+xml,application/xml;q=0.9,image/webp,image/apng,*/*;q=0.8,application/signed-exchange;v=b3;q=0.9',
  'user-agent' => 'Mozilla/5.0 (Windows NT 6.1; WOW64) AppleWebKit/537.36 (KHTML, like Gecko) Chrome/80.0.3987.163 Safari/537.36',
  'upgrade-insecure-requests' => '1',
  'cache-control' => 'max-age=0',
  'connection' => 'keep-alive',
  'host' => '192.168.2.134',
  'content-length' => '',
  'content-type' => '',
)
[ info ] [ PARAM ] array (
)
[ info ] [ LANG ] D:\phpStudy\WWW\Wangzhan\yunlibx\public/../application/api\lang\zh-cn.php
[ info ] [ BEHAVIOR ] Run app\common\behavior\Common @module_init [ RunTime:0.002000s ]
[ info ] [ RUN ] app\api\controller\Test->createM[ D:\phpStudy\WWW\Wangzhan\yunlibx\application\api\controller\Test.php ]
[ info ] [ LOG ] INIT File
---------------------------------------------------------------
[ 2020-04-21T14:22:49+08:00 ] 192.168.2.134 GET 192.168.2.134/api/Test/createM
[运行时间：0.049003s] [吞吐率：20.41req/s] [内存消耗：2,721.66kb] [文件加载：116]
[ info ] [ BEHAVIOR ] Run Closure @app_init [ RunTime:0.000000s ]
[ info ] [ CACHE ] INIT File
[ info ] [ BEHAVIOR ] Run Closure @app_init [ RunTime:0.003001s ]
[ info ] [ LANG ] D:\phpStudy\WWW\Wangzhan\yunlibx\thinkphp\lang\zh-cn.php
[ info ] [ ROUTE ] array (
  'type' => 'module',
  'module' => 
  array (
    0 => 'api',
    1 => 'Test',
    2 => 'createM',
  ),
)
[ info ] [ HEADER ] array (
  'cookie' => 'PHPSESSID=6uae9g3lp6g8svopakp5ut68mr',
  'accept-language' => 'zh-CN,zh;q=0.9',
  'accept-encoding' => 'gzip, deflate',
  'accept' => 'text/html,application/xhtml+xml,application/xml;q=0.9,image/webp,image/apng,*/*;q=0.8,application/signed-exchange;v=b3;q=0.9',
  'user-agent' => 'Mozilla/5.0 (Windows NT 6.1; WOW64) AppleWebKit/537.36 (KHTML, like Gecko) Chrome/80.0.3987.163 Safari/537.36',
  'upgrade-insecure-requests' => '1',
  'cache-control' => 'max-age=0',
  'connection' => 'keep-alive',
  'host' => '192.168.2.134',
  'content-length' => '',
  'content-type' => '',
)
[ info ] [ PARAM ] array (
)
[ info ] [ LANG ] D:\phpStudy\WWW\Wangzhan\yunlibx\public/../application/api\lang\zh-cn.php
[ info ] [ BEHAVIOR ] Run app\common\behavior\Common @module_init [ RunTime:0.002000s ]
[ info ] [ RUN ] app\api\controller\Test->createM[ D:\phpStudy\WWW\Wangzhan\yunlibx\application\api\controller\Test.php ]
[ info ] [ LOG ] INIT File
---------------------------------------------------------------
[ 2020-04-21T14:28:31+08:00 ] 192.168.2.134 GET 192.168.2.134/api/Test/createM?3/3.2
[运行时间：0.049003s] [吞吐率：20.41req/s] [内存消耗：2,770.13kb] [文件加载：119]
[ info ] [ BEHAVIOR ] Run Closure @app_init [ RunTime:0.000000s ]
[ info ] [ CACHE ] INIT File
[ info ] [ BEHAVIOR ] Run Closure @app_init [ RunTime:0.003000s ]
[ info ] [ LANG ] D:\phpStudy\WWW\Wangzhan\yunlibx\thinkphp\lang\zh-cn.php
[ info ] [ ROUTE ] array (
  'type' => 'module',
  'module' => 
  array (
    0 => 'api',
    1 => 'Test',
    2 => 'createM',
  ),
)
[ info ] [ HEADER ] array (
  'cookie' => 'PHPSESSID=6uae9g3lp6g8svopakp5ut68mr',
  'accept-language' => 'zh-CN,zh;q=0.9',
  'accept-encoding' => 'gzip, deflate',
  'accept' => 'text/html,application/xhtml+xml,application/xml;q=0.9,image/webp,image/apng,*/*;q=0.8,application/signed-exchange;v=b3;q=0.9',
  'user-agent' => 'Mozilla/5.0 (Windows NT 6.1; WOW64) AppleWebKit/537.36 (KHTML, like Gecko) Chrome/80.0.3987.163 Safari/537.36',
  'upgrade-insecure-requests' => '1',
  'connection' => 'keep-alive',
  'host' => '192.168.2.134',
  'content-length' => '',
  'content-type' => '',
)
[ info ] [ PARAM ] array (
  '3/3_2' => '',
)
[ info ] [ LANG ] D:\phpStudy\WWW\Wangzhan\yunlibx\public/../application/api\lang\zh-cn.php
[ info ] [ BEHAVIOR ] Run app\common\behavior\Common @module_init [ RunTime:0.002000s ]
[ info ] [ LOG ] INIT File
[ error ] [0]方法参数错误:a[D:\phpStudy\WWW\Wangzhan\yunlibx\thinkphp\library\think\App.php:431]
---------------------------------------------------------------
[ 2020-04-21T14:29:07+08:00 ] 192.168.2.134 GET 192.168.2.134/api/Test/createM?a=3&b=3.2
[运行时间：0.037003s] [吞吐率：27.02req/s] [内存消耗：2,721.95kb] [文件加载：116]
[ info ] [ BEHAVIOR ] Run Closure @app_init [ RunTime:0.000000s ]
[ info ] [ CACHE ] INIT File
[ info ] [ BEHAVIOR ] Run Closure @app_init [ RunTime:0.003000s ]
[ info ] [ LANG ] D:\phpStudy\WWW\Wangzhan\yunlibx\thinkphp\lang\zh-cn.php
[ info ] [ ROUTE ] array (
  'type' => 'module',
  'module' => 
  array (
    0 => 'api',
    1 => 'Test',
    2 => 'createM',
  ),
)
[ info ] [ HEADER ] array (
  'cookie' => 'PHPSESSID=6uae9g3lp6g8svopakp5ut68mr',
  'accept-language' => 'zh-CN,zh;q=0.9',
  'accept-encoding' => 'gzip, deflate',
  'accept' => 'text/html,application/xhtml+xml,application/xml;q=0.9,image/webp,image/apng,*/*;q=0.8,application/signed-exchange;v=b3;q=0.9',
  'user-agent' => 'Mozilla/5.0 (Windows NT 6.1; WOW64) AppleWebKit/537.36 (KHTML, like Gecko) Chrome/80.0.3987.163 Safari/537.36',
  'upgrade-insecure-requests' => '1',
  'connection' => 'keep-alive',
  'host' => '192.168.2.134',
  'content-length' => '',
  'content-type' => '',
)
[ info ] [ PARAM ] array (
  'a' => '3',
  'b' => '3.2',
)
[ info ] [ LANG ] D:\phpStudy\WWW\Wangzhan\yunlibx\public/../application/api\lang\zh-cn.php
[ info ] [ BEHAVIOR ] Run app\common\behavior\Common @module_init [ RunTime:0.002000s ]
[ info ] [ RUN ] app\api\controller\Test->createM[ D:\phpStudy\WWW\Wangzhan\yunlibx\application\api\controller\Test.php ]
[ info ] [ LOG ] INIT File
---------------------------------------------------------------
[ 2020-04-21T14:29:21+08:00 ] 192.168.2.134 GET 192.168.2.134/api/Test/createM?a=3&b=3.2
[运行时间：0.036002s] [吞吐率：27.78req/s] [内存消耗：2,722.02kb] [文件加载：116]
[ info ] [ BEHAVIOR ] Run Closure @app_init [ RunTime:0.001000s ]
[ info ] [ CACHE ] INIT File
[ info ] [ BEHAVIOR ] Run Closure @app_init [ RunTime:0.002000s ]
[ info ] [ LANG ] D:\phpStudy\WWW\Wangzhan\yunlibx\thinkphp\lang\zh-cn.php
[ info ] [ ROUTE ] array (
  'type' => 'module',
  'module' => 
  array (
    0 => 'api',
    1 => 'Test',
    2 => 'createM',
  ),
)
[ info ] [ HEADER ] array (
  'cookie' => 'PHPSESSID=6uae9g3lp6g8svopakp5ut68mr',
  'accept-language' => 'zh-CN,zh;q=0.9',
  'accept-encoding' => 'gzip, deflate',
  'accept' => 'text/html,application/xhtml+xml,application/xml;q=0.9,image/webp,image/apng,*/*;q=0.8,application/signed-exchange;v=b3;q=0.9',
  'user-agent' => 'Mozilla/5.0 (Windows NT 6.1; WOW64) AppleWebKit/537.36 (KHTML, like Gecko) Chrome/80.0.3987.163 Safari/537.36',
  'upgrade-insecure-requests' => '1',
  'cache-control' => 'max-age=0',
  'connection' => 'keep-alive',
  'host' => '192.168.2.134',
  'content-length' => '',
  'content-type' => '',
)
[ info ] [ PARAM ] array (
  'a' => '3',
  'b' => '3.2',
)
[ info ] [ LANG ] D:\phpStudy\WWW\Wangzhan\yunlibx\public/../application/api\lang\zh-cn.php
[ info ] [ BEHAVIOR ] Run app\common\behavior\Common @module_init [ RunTime:0.001000s ]
[ info ] [ RUN ] app\api\controller\Test->createM[ D:\phpStudy\WWW\Wangzhan\yunlibx\application\api\controller\Test.php ]
[ info ] [ LOG ] INIT File
---------------------------------------------------------------
[ 2020-04-21T14:29:22+08:00 ] 192.168.2.134 GET 192.168.2.134/api/Test/createM?a=3&b=3.2
[运行时间：0.041002s] [吞吐率：24.39req/s] [内存消耗：2,722.02kb] [文件加载：116]
[ info ] [ BEHAVIOR ] Run Closure @app_init [ RunTime:0.000000s ]
[ info ] [ CACHE ] INIT File
[ info ] [ BEHAVIOR ] Run Closure @app_init [ RunTime:0.002000s ]
[ info ] [ LANG ] D:\phpStudy\WWW\Wangzhan\yunlibx\thinkphp\lang\zh-cn.php
[ info ] [ ROUTE ] array (
  'type' => 'module',
  'module' => 
  array (
    0 => 'api',
    1 => 'Test',
    2 => 'createM',
  ),
)
[ info ] [ HEADER ] array (
  'cookie' => 'PHPSESSID=6uae9g3lp6g8svopakp5ut68mr',
  'accept-language' => 'zh-CN,zh;q=0.9',
  'accept-encoding' => 'gzip, deflate',
  'accept' => 'text/html,application/xhtml+xml,application/xml;q=0.9,image/webp,image/apng,*/*;q=0.8,application/signed-exchange;v=b3;q=0.9',
  'user-agent' => 'Mozilla/5.0 (Windows NT 6.1; WOW64) AppleWebKit/537.36 (KHTML, like Gecko) Chrome/80.0.3987.163 Safari/537.36',
  'upgrade-insecure-requests' => '1',
  'cache-control' => 'max-age=0',
  'connection' => 'keep-alive',
  'host' => '192.168.2.134',
  'content-length' => '',
  'content-type' => '',
)
[ info ] [ PARAM ] array (
  'a' => '3',
  'b' => '3.2',
)
[ info ] [ LANG ] D:\phpStudy\WWW\Wangzhan\yunlibx\public/../application/api\lang\zh-cn.php
[ info ] [ BEHAVIOR ] Run app\common\behavior\Common @module_init [ RunTime:0.001000s ]
[ info ] [ RUN ] app\api\controller\Test->createM[ D:\phpStudy\WWW\Wangzhan\yunlibx\application\api\controller\Test.php ]
[ info ] [ LOG ] INIT File
---------------------------------------------------------------
[ 2020-04-21T14:29:42+08:00 ] 192.168.2.134 GET 192.168.2.134/api/Test/createM?a=3&b=3.2
[运行时间：0.035002s] [吞吐率：28.57req/s] [内存消耗：2,722.02kb] [文件加载：116]
[ info ] [ BEHAVIOR ] Run Closure @app_init [ RunTime:0.000000s ]
[ info ] [ CACHE ] INIT File
[ info ] [ BEHAVIOR ] Run Closure @app_init [ RunTime:0.003000s ]
[ info ] [ LANG ] D:\phpStudy\WWW\Wangzhan\yunlibx\thinkphp\lang\zh-cn.php
[ info ] [ ROUTE ] array (
  'type' => 'module',
  'module' => 
  array (
    0 => 'api',
    1 => 'Test',
    2 => 'createM',
  ),
)
[ info ] [ HEADER ] array (
  'cookie' => 'PHPSESSID=6uae9g3lp6g8svopakp5ut68mr',
  'accept-language' => 'zh-CN,zh;q=0.9',
  'accept-encoding' => 'gzip, deflate',
  'accept' => 'text/html,application/xhtml+xml,application/xml;q=0.9,image/webp,image/apng,*/*;q=0.8,application/signed-exchange;v=b3;q=0.9',
  'user-agent' => 'Mozilla/5.0 (Windows NT 6.1; WOW64) AppleWebKit/537.36 (KHTML, like Gecko) Chrome/80.0.3987.163 Safari/537.36',
  'upgrade-insecure-requests' => '1',
  'cache-control' => 'max-age=0',
  'connection' => 'keep-alive',
  'host' => '192.168.2.134',
  'content-length' => '',
  'content-type' => '',
)
[ info ] [ PARAM ] array (
  'a' => '3',
  'b' => '3.2',
)
[ info ] [ LANG ] D:\phpStudy\WWW\Wangzhan\yunlibx\public/../application/api\lang\zh-cn.php
[ info ] [ BEHAVIOR ] Run app\common\behavior\Common @module_init [ RunTime:0.002000s ]
[ info ] [ RUN ] app\api\controller\Test->createM[ D:\phpStudy\WWW\Wangzhan\yunlibx\application\api\controller\Test.php ]
[ info ] [ LOG ] INIT File
---------------------------------------------------------------
[ 2020-04-21T14:29:46+08:00 ] 192.168.2.134 GET 192.168.2.134/api/Test/createM?a=3&b=%E4%B8%AD%E5%9B%BD
[运行时间：0.040002s] [吞吐率：25.00req/s] [内存消耗：2,776.28kb] [文件加载：120]
[ info ] [ BEHAVIOR ] Run Closure @app_init [ RunTime:0.000000s ]
[ info ] [ CACHE ] INIT File
[ info ] [ BEHAVIOR ] Run Closure @app_init [ RunTime:0.002001s ]
[ info ] [ LANG ] D:\phpStudy\WWW\Wangzhan\yunlibx\thinkphp\lang\zh-cn.php
[ info ] [ ROUTE ] array (
  'type' => 'module',
  'module' => 
  array (
    0 => 'api',
    1 => 'Test',
    2 => 'createM',
  ),
)
[ info ] [ HEADER ] array (
  'cookie' => 'PHPSESSID=6uae9g3lp6g8svopakp5ut68mr',
  'accept-language' => 'zh-CN,zh;q=0.9',
  'accept-encoding' => 'gzip, deflate',
  'accept' => 'text/html,application/xhtml+xml,application/xml;q=0.9,image/webp,image/apng,*/*;q=0.8,application/signed-exchange;v=b3;q=0.9',
  'user-agent' => 'Mozilla/5.0 (Windows NT 6.1; WOW64) AppleWebKit/537.36 (KHTML, like Gecko) Chrome/80.0.3987.163 Safari/537.36',
  'upgrade-insecure-requests' => '1',
  'connection' => 'keep-alive',
  'host' => '192.168.2.134',
  'content-length' => '',
  'content-type' => '',
)
[ info ] [ PARAM ] array (
  'a' => '3',
  'b' => '中国',
)
[ info ] [ LANG ] D:\phpStudy\WWW\Wangzhan\yunlibx\public/../application/api\lang\zh-cn.php
[ info ] [ BEHAVIOR ] Run app\common\behavior\Common @module_init [ RunTime:0.002000s ]
[ info ] [ RUN ] app\api\controller\Test->createM[ D:\phpStudy\WWW\Wangzhan\yunlibx\application\api\controller\Test.php ]
[ info ] [ LOG ] INIT File
[ error ] [0]类型错误: Argument 2 passed to app\api\controller\Test::createM() must be of the type integer, string given[D:\phpStudy\WWW\Wangzhan\yunlibx\application\api\controller\Test.php:93]
---------------------------------------------------------------
[ 2020-04-21T14:30:08+08:00 ] 192.168.2.134 GET 192.168.2.134/api/Test/createM?a=3&b=1
[运行时间：0.034002s] [吞吐率：29.41req/s] [内存消耗：2,721.94kb] [文件加载：116]
[ info ] [ BEHAVIOR ] Run Closure @app_init [ RunTime:0.000000s ]
[ info ] [ CACHE ] INIT File
[ info ] [ BEHAVIOR ] Run Closure @app_init [ RunTime:0.003001s ]
[ info ] [ LANG ] D:\phpStudy\WWW\Wangzhan\yunlibx\thinkphp\lang\zh-cn.php
[ info ] [ ROUTE ] array (
  'type' => 'module',
  'module' => 
  array (
    0 => 'api',
    1 => 'Test',
    2 => 'createM',
  ),
)
[ info ] [ HEADER ] array (
  'cookie' => 'PHPSESSID=6uae9g3lp6g8svopakp5ut68mr',
  'accept-language' => 'zh-CN,zh;q=0.9',
  'accept-encoding' => 'gzip, deflate',
  'accept' => 'text/html,application/xhtml+xml,application/xml;q=0.9,image/webp,image/apng,*/*;q=0.8,application/signed-exchange;v=b3;q=0.9',
  'user-agent' => 'Mozilla/5.0 (Windows NT 6.1; WOW64) AppleWebKit/537.36 (KHTML, like Gecko) Chrome/80.0.3987.163 Safari/537.36',
  'upgrade-insecure-requests' => '1',
  'connection' => 'keep-alive',
  'host' => '192.168.2.134',
  'content-length' => '',
  'content-type' => '',
)
[ info ] [ PARAM ] array (
  'a' => '3',
  'b' => '1',
)
[ info ] [ LANG ] D:\phpStudy\WWW\Wangzhan\yunlibx\public/../application/api\lang\zh-cn.php
[ info ] [ BEHAVIOR ] Run app\common\behavior\Common @module_init [ RunTime:0.001000s ]
[ info ] [ RUN ] app\api\controller\Test->createM[ D:\phpStudy\WWW\Wangzhan\yunlibx\application\api\controller\Test.php ]
[ info ] [ LOG ] INIT File
---------------------------------------------------------------
[ 2020-04-21T14:31:15+08:00 ] 192.168.2.134 GET 192.168.2.134/api/Test/createM?a=3&b=1
[运行时间：0.058003s] [吞吐率：17.24req/s] [内存消耗：2,776.47kb] [文件加载：120]
[ info ] [ BEHAVIOR ] Run Closure @app_init [ RunTime:0.000000s ]
[ info ] [ CACHE ] INIT File
[ info ] [ BEHAVIOR ] Run Closure @app_init [ RunTime:0.003000s ]
[ info ] [ LANG ] D:\phpStudy\WWW\Wangzhan\yunlibx\thinkphp\lang\zh-cn.php
[ info ] [ ROUTE ] array (
  'type' => 'module',
  'module' => 
  array (
    0 => 'api',
    1 => 'Test',
    2 => 'createM',
  ),
)
[ info ] [ HEADER ] array (
  'cookie' => 'PHPSESSID=6uae9g3lp6g8svopakp5ut68mr',
  'accept-language' => 'zh-CN,zh;q=0.9',
  'accept-encoding' => 'gzip, deflate',
  'accept' => 'text/html,application/xhtml+xml,application/xml;q=0.9,image/webp,image/apng,*/*;q=0.8,application/signed-exchange;v=b3;q=0.9',
  'user-agent' => 'Mozilla/5.0 (Windows NT 6.1; WOW64) AppleWebKit/537.36 (KHTML, like Gecko) Chrome/80.0.3987.163 Safari/537.36',
  'upgrade-insecure-requests' => '1',
  'cache-control' => 'max-age=0',
  'connection' => 'keep-alive',
  'host' => '192.168.2.134',
  'content-length' => '',
  'content-type' => '',
)
[ info ] [ PARAM ] array (
  'a' => '3',
  'b' => '1',
)
[ info ] [ LANG ] D:\phpStudy\WWW\Wangzhan\yunlibx\public/../application/api\lang\zh-cn.php
[ info ] [ BEHAVIOR ] Run app\common\behavior\Common @module_init [ RunTime:0.001000s ]
[ info ] [ RUN ] app\api\controller\Test->createM[ D:\phpStudy\WWW\Wangzhan\yunlibx\application\api\controller\Test.php ]
[ info ] [ LOG ] INIT File
[ error ] [0]类型错误: Return value of app\api\controller\Test::createM() must be of the type string, none returned[D:\phpStudy\WWW\Wangzhan\yunlibx\application\api\controller\Test.php:98]
---------------------------------------------------------------
[ 2020-04-21T14:31:30+08:00 ] 192.168.2.134 GET 192.168.2.134/api/Test/createM?a=3&b=1
[运行时间：0.046003s] [吞吐率：21.74req/s] [内存消耗：2,776.55kb] [文件加载：120]
[ info ] [ BEHAVIOR ] Run Closure @app_init [ RunTime:0.000000s ]
[ info ] [ CACHE ] INIT File
[ info ] [ BEHAVIOR ] Run Closure @app_init [ RunTime:0.002000s ]
[ info ] [ LANG ] D:\phpStudy\WWW\Wangzhan\yunlibx\thinkphp\lang\zh-cn.php
[ info ] [ ROUTE ] array (
  'type' => 'module',
  'module' => 
  array (
    0 => 'api',
    1 => 'Test',
    2 => 'createM',
  ),
)
[ info ] [ HEADER ] array (
  'cookie' => 'PHPSESSID=6uae9g3lp6g8svopakp5ut68mr',
  'accept-language' => 'zh-CN,zh;q=0.9',
  'accept-encoding' => 'gzip, deflate',
  'accept' => 'text/html,application/xhtml+xml,application/xml;q=0.9,image/webp,image/apng,*/*;q=0.8,application/signed-exchange;v=b3;q=0.9',
  'user-agent' => 'Mozilla/5.0 (Windows NT 6.1; WOW64) AppleWebKit/537.36 (KHTML, like Gecko) Chrome/80.0.3987.163 Safari/537.36',
  'upgrade-insecure-requests' => '1',
  'cache-control' => 'max-age=0',
  'connection' => 'keep-alive',
  'host' => '192.168.2.134',
  'content-length' => '',
  'content-type' => '',
)
[ info ] [ PARAM ] array (
  'a' => '3',
  'b' => '1',
)
[ info ] [ LANG ] D:\phpStudy\WWW\Wangzhan\yunlibx\public/../application/api\lang\zh-cn.php
[ info ] [ BEHAVIOR ] Run app\common\behavior\Common @module_init [ RunTime:0.001000s ]
[ info ] [ RUN ] app\api\controller\Test->createM[ D:\phpStudy\WWW\Wangzhan\yunlibx\application\api\controller\Test.php ]
[ info ] [ LOG ] INIT File
[ error ] [0]类型错误: Return value of app\api\controller\Test::createM() must be of the type string, null returned[D:\phpStudy\WWW\Wangzhan\yunlibx\application\api\controller\Test.php:96]
---------------------------------------------------------------
[ 2020-04-21T14:31:31+08:00 ] 192.168.2.134 GET 192.168.2.134/api/Test/createM?a=3&b=1
[运行时间：0.042003s] [吞吐率：23.81req/s] [内存消耗：2,776.55kb] [文件加载：120]
[ info ] [ BEHAVIOR ] Run Closure @app_init [ RunTime:0.000000s ]
[ info ] [ CACHE ] INIT File
[ info ] [ BEHAVIOR ] Run Closure @app_init [ RunTime:0.002000s ]
[ info ] [ LANG ] D:\phpStudy\WWW\Wangzhan\yunlibx\thinkphp\lang\zh-cn.php
[ info ] [ ROUTE ] array (
  'type' => 'module',
  'module' => 
  array (
    0 => 'api',
    1 => 'Test',
    2 => 'createM',
  ),
)
[ info ] [ HEADER ] array (
  'cookie' => 'PHPSESSID=6uae9g3lp6g8svopakp5ut68mr',
  'accept-language' => 'zh-CN,zh;q=0.9',
  'accept-encoding' => 'gzip, deflate',
  'accept' => 'text/html,application/xhtml+xml,application/xml;q=0.9,image/webp,image/apng,*/*;q=0.8,application/signed-exchange;v=b3;q=0.9',
  'user-agent' => 'Mozilla/5.0 (Windows NT 6.1; WOW64) AppleWebKit/537.36 (KHTML, like Gecko) Chrome/80.0.3987.163 Safari/537.36',
  'upgrade-insecure-requests' => '1',
  'cache-control' => 'max-age=0',
  'connection' => 'keep-alive',
  'host' => '192.168.2.134',
  'content-length' => '',
  'content-type' => '',
)
[ info ] [ PARAM ] array (
  'a' => '3',
  'b' => '1',
)
[ info ] [ LANG ] D:\phpStudy\WWW\Wangzhan\yunlibx\public/../application/api\lang\zh-cn.php
[ info ] [ BEHAVIOR ] Run app\common\behavior\Common @module_init [ RunTime:0.002000s ]
[ info ] [ RUN ] app\api\controller\Test->createM[ D:\phpStudy\WWW\Wangzhan\yunlibx\application\api\controller\Test.php ]
[ info ] [ LOG ] INIT File
[ error ] [0]类型错误: Return value of app\api\controller\Test::createM() must be of the type string, null returned[D:\phpStudy\WWW\Wangzhan\yunlibx\application\api\controller\Test.php:96]
---------------------------------------------------------------
[ 2020-04-21T14:31:31+08:00 ] 192.168.2.134 GET 192.168.2.134/api/Test/createM?a=3&b=1
[运行时间：0.037003s] [吞吐率：27.02req/s] [内存消耗：2,776.55kb] [文件加载：120]
[ info ] [ BEHAVIOR ] Run Closure @app_init [ RunTime:0.000000s ]
[ info ] [ CACHE ] INIT File
[ info ] [ BEHAVIOR ] Run Closure @app_init [ RunTime:0.002000s ]
[ info ] [ LANG ] D:\phpStudy\WWW\Wangzhan\yunlibx\thinkphp\lang\zh-cn.php
[ info ] [ ROUTE ] array (
  'type' => 'module',
  'module' => 
  array (
    0 => 'api',
    1 => 'Test',
    2 => 'createM',
  ),
)
[ info ] [ HEADER ] array (
  'cookie' => 'PHPSESSID=6uae9g3lp6g8svopakp5ut68mr',
  'accept-language' => 'zh-CN,zh;q=0.9',
  'accept-encoding' => 'gzip, deflate',
  'accept' => 'text/html,application/xhtml+xml,application/xml;q=0.9,image/webp,image/apng,*/*;q=0.8,application/signed-exchange;v=b3;q=0.9',
  'user-agent' => 'Mozilla/5.0 (Windows NT 6.1; WOW64) AppleWebKit/537.36 (KHTML, like Gecko) Chrome/80.0.3987.163 Safari/537.36',
  'upgrade-insecure-requests' => '1',
  'cache-control' => 'max-age=0',
  'connection' => 'keep-alive',
  'host' => '192.168.2.134',
  'content-length' => '',
  'content-type' => '',
)
[ info ] [ PARAM ] array (
  'a' => '3',
  'b' => '1',
)
[ info ] [ LANG ] D:\phpStudy\WWW\Wangzhan\yunlibx\public/../application/api\lang\zh-cn.php
[ info ] [ BEHAVIOR ] Run app\common\behavior\Common @module_init [ RunTime:0.002000s ]
[ info ] [ RUN ] app\api\controller\Test->createM[ D:\phpStudy\WWW\Wangzhan\yunlibx\application\api\controller\Test.php ]
[ info ] [ LOG ] INIT File
[ error ] [0]类型错误: Return value of app\api\controller\Test::createM() must be of the type string, null returned[D:\phpStudy\WWW\Wangzhan\yunlibx\application\api\controller\Test.php:96]
---------------------------------------------------------------
[ 2020-04-21T14:31:39+08:00 ] 192.168.2.134 GET 192.168.2.134/api/Test/createM?a=3&b=1
[运行时间：0.055003s] [吞吐率：18.18req/s] [内存消耗：2,776.55kb] [文件加载：120]
[ info ] [ BEHAVIOR ] Run Closure @app_init [ RunTime:0.000000s ]
[ info ] [ CACHE ] INIT File
[ info ] [ BEHAVIOR ] Run Closure @app_init [ RunTime:0.002000s ]
[ info ] [ LANG ] D:\phpStudy\WWW\Wangzhan\yunlibx\thinkphp\lang\zh-cn.php
[ info ] [ ROUTE ] array (
  'type' => 'module',
  'module' => 
  array (
    0 => 'api',
    1 => 'Test',
    2 => 'createM',
  ),
)
[ info ] [ HEADER ] array (
  'cookie' => 'PHPSESSID=6uae9g3lp6g8svopakp5ut68mr',
  'accept-language' => 'zh-CN,zh;q=0.9',
  'accept-encoding' => 'gzip, deflate',
  'accept' => 'text/html,application/xhtml+xml,application/xml;q=0.9,image/webp,image/apng,*/*;q=0.8,application/signed-exchange;v=b3;q=0.9',
  'user-agent' => 'Mozilla/5.0 (Windows NT 6.1; WOW64) AppleWebKit/537.36 (KHTML, like Gecko) Chrome/80.0.3987.163 Safari/537.36',
  'upgrade-insecure-requests' => '1',
  'cache-control' => 'max-age=0',
  'connection' => 'keep-alive',
  'host' => '192.168.2.134',
  'content-length' => '',
  'content-type' => '',
)
[ info ] [ PARAM ] array (
  'a' => '3',
  'b' => '1',
)
[ info ] [ LANG ] D:\phpStudy\WWW\Wangzhan\yunlibx\public/../application/api\lang\zh-cn.php
[ info ] [ BEHAVIOR ] Run app\common\behavior\Common @module_init [ RunTime:0.001000s ]
[ info ] [ RUN ] app\api\controller\Test->createM[ D:\phpStudy\WWW\Wangzhan\yunlibx\application\api\controller\Test.php ]
[ info ] [ LOG ] INIT File
[ error ] [0]类型错误: Return value of app\api\controller\Test::createM() must be of the type integer, null returned[D:\phpStudy\WWW\Wangzhan\yunlibx\application\api\controller\Test.php:96]
---------------------------------------------------------------
[ 2020-04-21T14:31:40+08:00 ] 192.168.2.134 GET 192.168.2.134/api/Test/createM?a=3&b=1
[运行时间：0.036002s] [吞吐率：27.78req/s] [内存消耗：2,776.55kb] [文件加载：120]
[ info ] [ BEHAVIOR ] Run Closure @app_init [ RunTime:0.001000s ]
[ info ] [ CACHE ] INIT File
[ info ] [ BEHAVIOR ] Run Closure @app_init [ RunTime:0.002000s ]
[ info ] [ LANG ] D:\phpStudy\WWW\Wangzhan\yunlibx\thinkphp\lang\zh-cn.php
[ info ] [ ROUTE ] array (
  'type' => 'module',
  'module' => 
  array (
    0 => 'api',
    1 => 'Test',
    2 => 'createM',
  ),
)
[ info ] [ HEADER ] array (
  'cookie' => 'PHPSESSID=6uae9g3lp6g8svopakp5ut68mr',
  'accept-language' => 'zh-CN,zh;q=0.9',
  'accept-encoding' => 'gzip, deflate',
  'accept' => 'text/html,application/xhtml+xml,application/xml;q=0.9,image/webp,image/apng,*/*;q=0.8,application/signed-exchange;v=b3;q=0.9',
  'user-agent' => 'Mozilla/5.0 (Windows NT 6.1; WOW64) AppleWebKit/537.36 (KHTML, like Gecko) Chrome/80.0.3987.163 Safari/537.36',
  'upgrade-insecure-requests' => '1',
  'cache-control' => 'max-age=0',
  'connection' => 'keep-alive',
  'host' => '192.168.2.134',
  'content-length' => '',
  'content-type' => '',
)
[ info ] [ PARAM ] array (
  'a' => '3',
  'b' => '1',
)
[ info ] [ LANG ] D:\phpStudy\WWW\Wangzhan\yunlibx\public/../application/api\lang\zh-cn.php
[ info ] [ BEHAVIOR ] Run app\common\behavior\Common @module_init [ RunTime:0.001000s ]
[ info ] [ RUN ] app\api\controller\Test->createM[ D:\phpStudy\WWW\Wangzhan\yunlibx\application\api\controller\Test.php ]
[ info ] [ LOG ] INIT File
[ error ] [0]类型错误: Return value of app\api\controller\Test::createM() must be of the type integer, null returned[D:\phpStudy\WWW\Wangzhan\yunlibx\application\api\controller\Test.php:96]
---------------------------------------------------------------
[ 2020-04-21T14:31:41+08:00 ] 192.168.2.134 GET 192.168.2.134/api/Test/createM?a=3&b=1
[运行时间：0.037002s] [吞吐率：27.03req/s] [内存消耗：2,776.55kb] [文件加载：120]
[ info ] [ BEHAVIOR ] Run Closure @app_init [ RunTime:0.000000s ]
[ info ] [ CACHE ] INIT File
[ info ] [ BEHAVIOR ] Run Closure @app_init [ RunTime:0.003000s ]
[ info ] [ LANG ] D:\phpStudy\WWW\Wangzhan\yunlibx\thinkphp\lang\zh-cn.php
[ info ] [ ROUTE ] array (
  'type' => 'module',
  'module' => 
  array (
    0 => 'api',
    1 => 'Test',
    2 => 'createM',
  ),
)
[ info ] [ HEADER ] array (
  'cookie' => 'PHPSESSID=6uae9g3lp6g8svopakp5ut68mr',
  'accept-language' => 'zh-CN,zh;q=0.9',
  'accept-encoding' => 'gzip, deflate',
  'accept' => 'text/html,application/xhtml+xml,application/xml;q=0.9,image/webp,image/apng,*/*;q=0.8,application/signed-exchange;v=b3;q=0.9',
  'user-agent' => 'Mozilla/5.0 (Windows NT 6.1; WOW64) AppleWebKit/537.36 (KHTML, like Gecko) Chrome/80.0.3987.163 Safari/537.36',
  'upgrade-insecure-requests' => '1',
  'cache-control' => 'max-age=0',
  'connection' => 'keep-alive',
  'host' => '192.168.2.134',
  'content-length' => '',
  'content-type' => '',
)
[ info ] [ PARAM ] array (
  'a' => '3',
  'b' => '1',
)
[ info ] [ LANG ] D:\phpStudy\WWW\Wangzhan\yunlibx\public/../application/api\lang\zh-cn.php
[ info ] [ BEHAVIOR ] Run app\common\behavior\Common @module_init [ RunTime:0.002000s ]
[ info ] [ RUN ] app\api\controller\Test->createM[ D:\phpStudy\WWW\Wangzhan\yunlibx\application\api\controller\Test.php ]
[ info ] [ LOG ] INIT File
[ error ] [0]类型错误: Return value of app\api\controller\Test::createM() must be of the type integer, null returned[D:\phpStudy\WWW\Wangzhan\yunlibx\application\api\controller\Test.php:96]
---------------------------------------------------------------
[ 2020-04-21T14:32:06+08:00 ] 192.168.2.134 GET 192.168.2.134/api/Test/createM?a=3&b=1
[运行时间：0.042002s] [吞吐率：23.81req/s] [内存消耗：2,722.13kb] [文件加载：116]
[ info ] [ BEHAVIOR ] Run Closure @app_init [ RunTime:0.000000s ]
[ info ] [ CACHE ] INIT File
[ info ] [ BEHAVIOR ] Run Closure @app_init [ RunTime:0.003000s ]
[ info ] [ LANG ] D:\phpStudy\WWW\Wangzhan\yunlibx\thinkphp\lang\zh-cn.php
[ info ] [ ROUTE ] array (
  'type' => 'module',
  'module' => 
  array (
    0 => 'api',
    1 => 'Test',
    2 => 'createM',
  ),
)
[ info ] [ HEADER ] array (
  'cookie' => 'PHPSESSID=6uae9g3lp6g8svopakp5ut68mr',
  'accept-language' => 'zh-CN,zh;q=0.9',
  'accept-encoding' => 'gzip, deflate',
  'accept' => 'text/html,application/xhtml+xml,application/xml;q=0.9,image/webp,image/apng,*/*;q=0.8,application/signed-exchange;v=b3;q=0.9',
  'user-agent' => 'Mozilla/5.0 (Windows NT 6.1; WOW64) AppleWebKit/537.36 (KHTML, like Gecko) Chrome/80.0.3987.163 Safari/537.36',
  'upgrade-insecure-requests' => '1',
  'cache-control' => 'max-age=0',
  'connection' => 'keep-alive',
  'host' => '192.168.2.134',
  'content-length' => '',
  'content-type' => '',
)
[ info ] [ PARAM ] array (
  'a' => '3',
  'b' => '1',
)
[ info ] [ LANG ] D:\phpStudy\WWW\Wangzhan\yunlibx\public/../application/api\lang\zh-cn.php
[ info ] [ BEHAVIOR ] Run app\common\behavior\Common @module_init [ RunTime:0.001000s ]
[ info ] [ RUN ] app\api\controller\Test->createM[ D:\phpStudy\WWW\Wangzhan\yunlibx\application\api\controller\Test.php ]
[ info ] [ LOG ] INIT File
---------------------------------------------------------------
[ 2020-04-21T14:32:07+08:00 ] 192.168.2.134 GET 192.168.2.134/api/Test/createM?a=3&b=1
[运行时间：0.045002s] [吞吐率：22.22req/s] [内存消耗：2,722.13kb] [文件加载：116]
[ info ] [ BEHAVIOR ] Run Closure @app_init [ RunTime:0.000000s ]
[ info ] [ CACHE ] INIT File
[ info ] [ BEHAVIOR ] Run Closure @app_init [ RunTime:0.003000s ]
[ info ] [ LANG ] D:\phpStudy\WWW\Wangzhan\yunlibx\thinkphp\lang\zh-cn.php
[ info ] [ ROUTE ] array (
  'type' => 'module',
  'module' => 
  array (
    0 => 'api',
    1 => 'Test',
    2 => 'createM',
  ),
)
[ info ] [ HEADER ] array (
  'cookie' => 'PHPSESSID=6uae9g3lp6g8svopakp5ut68mr',
  'accept-language' => 'zh-CN,zh;q=0.9',
  'accept-encoding' => 'gzip, deflate',
  'accept' => 'text/html,application/xhtml+xml,application/xml;q=0.9,image/webp,image/apng,*/*;q=0.8,application/signed-exchange;v=b3;q=0.9',
  'user-agent' => 'Mozilla/5.0 (Windows NT 6.1; WOW64) AppleWebKit/537.36 (KHTML, like Gecko) Chrome/80.0.3987.163 Safari/537.36',
  'upgrade-insecure-requests' => '1',
  'cache-control' => 'max-age=0',
  'connection' => 'keep-alive',
  'host' => '192.168.2.134',
  'content-length' => '',
  'content-type' => '',
)
[ info ] [ PARAM ] array (
  'a' => '3',
  'b' => '1',
)
[ info ] [ LANG ] D:\phpStudy\WWW\Wangzhan\yunlibx\public/../application/api\lang\zh-cn.php
[ info ] [ BEHAVIOR ] Run app\common\behavior\Common @module_init [ RunTime:0.001000s ]
[ info ] [ RUN ] app\api\controller\Test->createM[ D:\phpStudy\WWW\Wangzhan\yunlibx\application\api\controller\Test.php ]
[ info ] [ LOG ] INIT File
---------------------------------------------------------------
[ 2020-04-21T14:32:07+08:00 ] 192.168.2.134 GET 192.168.2.134/api/Test/createM?a=3&b=1
[运行时间：0.039003s] [吞吐率：25.64req/s] [内存消耗：2,722.13kb] [文件加载：116]
[ info ] [ BEHAVIOR ] Run Closure @app_init [ RunTime:0.000000s ]
[ info ] [ CACHE ] INIT File
[ info ] [ BEHAVIOR ] Run Closure @app_init [ RunTime:0.002000s ]
[ info ] [ LANG ] D:\phpStudy\WWW\Wangzhan\yunlibx\thinkphp\lang\zh-cn.php
[ info ] [ ROUTE ] array (
  'type' => 'module',
  'module' => 
  array (
    0 => 'api',
    1 => 'Test',
    2 => 'createM',
  ),
)
[ info ] [ HEADER ] array (
  'cookie' => 'PHPSESSID=6uae9g3lp6g8svopakp5ut68mr',
  'accept-language' => 'zh-CN,zh;q=0.9',
  'accept-encoding' => 'gzip, deflate',
  'accept' => 'text/html,application/xhtml+xml,application/xml;q=0.9,image/webp,image/apng,*/*;q=0.8,application/signed-exchange;v=b3;q=0.9',
  'user-agent' => 'Mozilla/5.0 (Windows NT 6.1; WOW64) AppleWebKit/537.36 (KHTML, like Gecko) Chrome/80.0.3987.163 Safari/537.36',
  'upgrade-insecure-requests' => '1',
  'cache-control' => 'max-age=0',
  'connection' => 'keep-alive',
  'host' => '192.168.2.134',
  'content-length' => '',
  'content-type' => '',
)
[ info ] [ PARAM ] array (
  'a' => '3',
  'b' => '1',
)
[ info ] [ LANG ] D:\phpStudy\WWW\Wangzhan\yunlibx\public/../application/api\lang\zh-cn.php
[ info ] [ BEHAVIOR ] Run app\common\behavior\Common @module_init [ RunTime:0.001000s ]
[ info ] [ RUN ] app\api\controller\Test->createM[ D:\phpStudy\WWW\Wangzhan\yunlibx\application\api\controller\Test.php ]
[ info ] [ LOG ] INIT File
---------------------------------------------------------------
[ 2020-04-21T14:32:29+08:00 ] 192.168.2.134 GET 192.168.2.134/api/Test/createM?a=3&b=1
[运行时间：0.068003s] [吞吐率：14.71req/s] [内存消耗：2,404.78kb] [文件加载：115]
[ info ] [ BEHAVIOR ] Run Closure @app_init [ RunTime:0.000000s ]
[ info ] [ CACHE ] INIT File
[ info ] [ BEHAVIOR ] Run Closure @app_init [ RunTime:0.003000s ]
[ info ] [ LANG ] D:\phpStudy\WWW\Wangzhan\yunlibx\thinkphp\lang\zh-cn.php
[ info ] [ ROUTE ] array (
  'type' => 'module',
  'module' => 
  array (
    0 => 'api',
    1 => 'Test',
    2 => 'createM',
  ),
)
[ info ] [ HEADER ] array (
  'cookie' => 'PHPSESSID=6uae9g3lp6g8svopakp5ut68mr',
  'accept-language' => 'zh-CN,zh;q=0.9',
  'accept-encoding' => 'gzip, deflate',
  'accept' => 'text/html,application/xhtml+xml,application/xml;q=0.9,image/webp,image/apng,*/*;q=0.8,application/signed-exchange;v=b3;q=0.9',
  'user-agent' => 'Mozilla/5.0 (Windows NT 6.1; WOW64) AppleWebKit/537.36 (KHTML, like Gecko) Chrome/80.0.3987.163 Safari/537.36',
  'upgrade-insecure-requests' => '1',
  'cache-control' => 'max-age=0',
  'connection' => 'keep-alive',
  'host' => '192.168.2.134',
  'content-length' => '',
  'content-type' => '',
)
[ info ] [ PARAM ] array (
  'a' => '3',
  'b' => '1',
)
[ info ] [ LANG ] D:\phpStudy\WWW\Wangzhan\yunlibx\public/../application/api\lang\zh-cn.php
[ info ] [ BEHAVIOR ] Run app\common\behavior\Common @module_init [ RunTime:0.002000s ]
[ info ] [ LOG ] INIT File
[ error ] [64]A void function must not return a value[D:\phpStudy\WWW\Wangzhan\yunlibx\application\api\controller\Test.php:96]
---------------------------------------------------------------
[ 2020-04-21T14:33:16+08:00 ] 192.168.2.134 GET 192.168.2.134/api/Test/createM?a=3&b=1
[运行时间：0.050003s] [吞吐率：20.00req/s] [内存消耗：2,721.82kb] [文件加载：116]
[ info ] [ BEHAVIOR ] Run Closure @app_init [ RunTime:0.001000s ]
[ info ] [ CACHE ] INIT File
[ info ] [ BEHAVIOR ] Run Closure @app_init [ RunTime:0.003000s ]
[ info ] [ LANG ] D:\phpStudy\WWW\Wangzhan\yunlibx\thinkphp\lang\zh-cn.php
[ info ] [ ROUTE ] array (
  'type' => 'module',
  'module' => 
  array (
    0 => 'api',
    1 => 'Test',
    2 => 'createM',
  ),
)
[ info ] [ HEADER ] array (
  'cookie' => 'PHPSESSID=6uae9g3lp6g8svopakp5ut68mr',
  'accept-language' => 'zh-CN,zh;q=0.9',
  'accept-encoding' => 'gzip, deflate',
  'accept' => 'text/html,application/xhtml+xml,application/xml;q=0.9,image/webp,image/apng,*/*;q=0.8,application/signed-exchange;v=b3;q=0.9',
  'user-agent' => 'Mozilla/5.0 (Windows NT 6.1; WOW64) AppleWebKit/537.36 (KHTML, like Gecko) Chrome/80.0.3987.163 Safari/537.36',
  'upgrade-insecure-requests' => '1',
  'cache-control' => 'max-age=0',
  'connection' => 'keep-alive',
  'host' => '192.168.2.134',
  'content-length' => '',
  'content-type' => '',
)
[ info ] [ PARAM ] array (
  'a' => '3',
  'b' => '1',
)
[ info ] [ LANG ] D:\phpStudy\WWW\Wangzhan\yunlibx\public/../application/api\lang\zh-cn.php
[ info ] [ BEHAVIOR ] Run app\common\behavior\Common @module_init [ RunTime:0.002000s ]
[ info ] [ RUN ] app\api\controller\Test->createM[ D:\phpStudy\WWW\Wangzhan\yunlibx\application\api\controller\Test.php ]
[ info ] [ LOG ] INIT File
---------------------------------------------------------------
[ 2020-04-21T14:33:32+08:00 ] 192.168.2.134 GET 192.168.2.134/api/Test/createM?a=3&b=1
[运行时间：0.055003s] [吞吐率：18.18req/s] [内存消耗：2,777.48kb] [文件加载：121]
[ info ] [ BEHAVIOR ] Run Closure @app_init [ RunTime:0.000000s ]
[ info ] [ CACHE ] INIT File
[ info ] [ BEHAVIOR ] Run Closure @app_init [ RunTime:0.003000s ]
[ info ] [ LANG ] D:\phpStudy\WWW\Wangzhan\yunlibx\thinkphp\lang\zh-cn.php
[ info ] [ ROUTE ] array (
  'type' => 'module',
  'module' => 
  array (
    0 => 'api',
    1 => 'Test',
    2 => 'createM',
  ),
)
[ info ] [ HEADER ] array (
  'cookie' => 'PHPSESSID=6uae9g3lp6g8svopakp5ut68mr',
  'accept-language' => 'zh-CN,zh;q=0.9',
  'accept-encoding' => 'gzip, deflate',
  'accept' => 'text/html,application/xhtml+xml,application/xml;q=0.9,image/webp,image/apng,*/*;q=0.8,application/signed-exchange;v=b3;q=0.9',
  'user-agent' => 'Mozilla/5.0 (Windows NT 6.1; WOW64) AppleWebKit/537.36 (KHTML, like Gecko) Chrome/80.0.3987.163 Safari/537.36',
  'upgrade-insecure-requests' => '1',
  'cache-control' => 'max-age=0',
  'connection' => 'keep-alive',
  'host' => '192.168.2.134',
  'content-length' => '',
  'content-type' => '',
)
[ info ] [ PARAM ] array (
  'a' => '3',
  'b' => '1',
)
[ info ] [ LANG ] D:\phpStudy\WWW\Wangzhan\yunlibx\public/../application/api\lang\zh-cn.php
[ info ] [ BEHAVIOR ] Run app\common\behavior\Common @module_init [ RunTime:0.002000s ]
[ info ] [ RUN ] app\api\controller\Test->createM[ D:\phpStudy\WWW\Wangzhan\yunlibx\application\api\controller\Test.php ]
[ info ] [ LOG ] INIT File
[ error ] [8]未定义变量: 1[D:\phpStudy\WWW\Wangzhan\yunlibx\application\api\controller\Test.php:96]
---------------------------------------------------------------
[ 2020-04-21T14:33:33+08:00 ] 192.168.2.134 GET 192.168.2.134/api/Test/createM?a=3&b=1
[运行时间：0.050003s] [吞吐率：20.00req/s] [内存消耗：2,777.48kb] [文件加载：121]
[ info ] [ BEHAVIOR ] Run Closure @app_init [ RunTime:0.000000s ]
[ info ] [ CACHE ] INIT File
[ info ] [ BEHAVIOR ] Run Closure @app_init [ RunTime:0.003001s ]
[ info ] [ LANG ] D:\phpStudy\WWW\Wangzhan\yunlibx\thinkphp\lang\zh-cn.php
[ info ] [ ROUTE ] array (
  'type' => 'module',
  'module' => 
  array (
    0 => 'api',
    1 => 'Test',
    2 => 'createM',
  ),
)
[ info ] [ HEADER ] array (
  'cookie' => 'PHPSESSID=6uae9g3lp6g8svopakp5ut68mr',
  'accept-language' => 'zh-CN,zh;q=0.9',
  'accept-encoding' => 'gzip, deflate',
  'accept' => 'text/html,application/xhtml+xml,application/xml;q=0.9,image/webp,image/apng,*/*;q=0.8,application/signed-exchange;v=b3;q=0.9',
  'user-agent' => 'Mozilla/5.0 (Windows NT 6.1; WOW64) AppleWebKit/537.36 (KHTML, like Gecko) Chrome/80.0.3987.163 Safari/537.36',
  'upgrade-insecure-requests' => '1',
  'cache-control' => 'max-age=0',
  'connection' => 'keep-alive',
  'host' => '192.168.2.134',
  'content-length' => '',
  'content-type' => '',
)
[ info ] [ PARAM ] array (
  'a' => '3',
  'b' => '1',
)
[ info ] [ LANG ] D:\phpStudy\WWW\Wangzhan\yunlibx\public/../application/api\lang\zh-cn.php
[ info ] [ BEHAVIOR ] Run app\common\behavior\Common @module_init [ RunTime:0.001000s ]
[ info ] [ RUN ] app\api\controller\Test->createM[ D:\phpStudy\WWW\Wangzhan\yunlibx\application\api\controller\Test.php ]
[ info ] [ LOG ] INIT File
[ error ] [8]未定义变量: 1[D:\phpStudy\WWW\Wangzhan\yunlibx\application\api\controller\Test.php:96]
---------------------------------------------------------------
[ 2020-04-21T14:33:38+08:00 ] 192.168.2.134 GET 192.168.2.134/api/Test/createM?a=3&b=1
[运行时间：0.044002s] [吞吐率：22.73req/s] [内存消耗：2,722.13kb] [文件加载：116]
[ info ] [ BEHAVIOR ] Run Closure @app_init [ RunTime:0.000000s ]
[ info ] [ CACHE ] INIT File
[ info ] [ BEHAVIOR ] Run Closure @app_init [ RunTime:0.003001s ]
[ info ] [ LANG ] D:\phpStudy\WWW\Wangzhan\yunlibx\thinkphp\lang\zh-cn.php
[ info ] [ ROUTE ] array (
  'type' => 'module',
  'module' => 
  array (
    0 => 'api',
    1 => 'Test',
    2 => 'createM',
  ),
)
[ info ] [ HEADER ] array (
  'cookie' => 'PHPSESSID=6uae9g3lp6g8svopakp5ut68mr',
  'accept-language' => 'zh-CN,zh;q=0.9',
  'accept-encoding' => 'gzip, deflate',
  'accept' => 'text/html,application/xhtml+xml,application/xml;q=0.9,image/webp,image/apng,*/*;q=0.8,application/signed-exchange;v=b3;q=0.9',
  'user-agent' => 'Mozilla/5.0 (Windows NT 6.1; WOW64) AppleWebKit/537.36 (KHTML, like Gecko) Chrome/80.0.3987.163 Safari/537.36',
  'upgrade-insecure-requests' => '1',
  'cache-control' => 'max-age=0',
  'connection' => 'keep-alive',
  'host' => '192.168.2.134',
  'content-length' => '',
  'content-type' => '',
)
[ info ] [ PARAM ] array (
  'a' => '3',
  'b' => '1',
)
[ info ] [ LANG ] D:\phpStudy\WWW\Wangzhan\yunlibx\public/../application/api\lang\zh-cn.php
[ info ] [ BEHAVIOR ] Run app\common\behavior\Common @module_init [ RunTime:0.002000s ]
[ info ] [ RUN ] app\api\controller\Test->createM[ D:\phpStudy\WWW\Wangzhan\yunlibx\application\api\controller\Test.php ]
[ info ] [ LOG ] INIT File
---------------------------------------------------------------
[ 2020-04-21T14:33:41+08:00 ] 192.168.2.134 GET 192.168.2.134/api/Test/createM?a=3&b=1
[运行时间：0.042002s] [吞吐率：23.81req/s] [内存消耗：2,721.82kb] [文件加载：116]
[ info ] [ BEHAVIOR ] Run Closure @app_init [ RunTime:0.000000s ]
[ info ] [ CACHE ] INIT File
[ info ] [ BEHAVIOR ] Run Closure @app_init [ RunTime:0.002000s ]
[ info ] [ LANG ] D:\phpStudy\WWW\Wangzhan\yunlibx\thinkphp\lang\zh-cn.php
[ info ] [ ROUTE ] array (
  'type' => 'module',
  'module' => 
  array (
    0 => 'api',
    1 => 'Test',
    2 => 'createM',
  ),
)
[ info ] [ HEADER ] array (
  'cookie' => 'PHPSESSID=6uae9g3lp6g8svopakp5ut68mr',
  'accept-language' => 'zh-CN,zh;q=0.9',
  'accept-encoding' => 'gzip, deflate',
  'accept' => 'text/html,application/xhtml+xml,application/xml;q=0.9,image/webp,image/apng,*/*;q=0.8,application/signed-exchange;v=b3;q=0.9',
  'user-agent' => 'Mozilla/5.0 (Windows NT 6.1; WOW64) AppleWebKit/537.36 (KHTML, like Gecko) Chrome/80.0.3987.163 Safari/537.36',
  'upgrade-insecure-requests' => '1',
  'cache-control' => 'max-age=0',
  'connection' => 'keep-alive',
  'host' => '192.168.2.134',
  'content-length' => '',
  'content-type' => '',
)
[ info ] [ PARAM ] array (
  'a' => '3',
  'b' => '1',
)
[ info ] [ LANG ] D:\phpStudy\WWW\Wangzhan\yunlibx\public/../application/api\lang\zh-cn.php
[ info ] [ BEHAVIOR ] Run app\common\behavior\Common @module_init [ RunTime:0.002001s ]
[ info ] [ RUN ] app\api\controller\Test->createM[ D:\phpStudy\WWW\Wangzhan\yunlibx\application\api\controller\Test.php ]
[ info ] [ LOG ] INIT File
---------------------------------------------------------------
[ 2020-04-21T14:33:49+08:00 ] 192.168.2.134 GET 192.168.2.134/api/Test/createM?a=3&b=1
[运行时间：0.044002s] [吞吐率：22.73req/s] [内存消耗：2,404.73kb] [文件加载：115]
[ info ] [ BEHAVIOR ] Run Closure @app_init [ RunTime:0.000000s ]
[ info ] [ CACHE ] INIT File
[ info ] [ BEHAVIOR ] Run Closure @app_init [ RunTime:0.003000s ]
[ info ] [ LANG ] D:\phpStudy\WWW\Wangzhan\yunlibx\thinkphp\lang\zh-cn.php
[ info ] [ ROUTE ] array (
  'type' => 'module',
  'module' => 
  array (
    0 => 'api',
    1 => 'Test',
    2 => 'createM',
  ),
)
[ info ] [ HEADER ] array (
  'cookie' => 'PHPSESSID=6uae9g3lp6g8svopakp5ut68mr',
  'accept-language' => 'zh-CN,zh;q=0.9',
  'accept-encoding' => 'gzip, deflate',
  'accept' => 'text/html,application/xhtml+xml,application/xml;q=0.9,image/webp,image/apng,*/*;q=0.8,application/signed-exchange;v=b3;q=0.9',
  'user-agent' => 'Mozilla/5.0 (Windows NT 6.1; WOW64) AppleWebKit/537.36 (KHTML, like Gecko) Chrome/80.0.3987.163 Safari/537.36',
  'upgrade-insecure-requests' => '1',
  'cache-control' => 'max-age=0',
  'connection' => 'keep-alive',
  'host' => '192.168.2.134',
  'content-length' => '',
  'content-type' => '',
)
[ info ] [ PARAM ] array (
  'a' => '3',
  'b' => '1',
)
[ info ] [ LANG ] D:\phpStudy\WWW\Wangzhan\yunlibx\public/../application/api\lang\zh-cn.php
[ info ] [ BEHAVIOR ] Run app\common\behavior\Common @module_init [ RunTime:0.002000s ]
[ info ] [ LOG ] INIT File
[ error ] [64]A void function must not return a value[D:\phpStudy\WWW\Wangzhan\yunlibx\application\api\controller\Test.php:96]
---------------------------------------------------------------
[ 2020-04-21T14:34:08+08:00 ] 192.168.2.134 GET 192.168.2.134/api/Test/createM?a=3&b=1
[运行时间：0.038002s] [吞吐率：26.31req/s] [内存消耗：2,721.96kb] [文件加载：116]
[ info ] [ BEHAVIOR ] Run Closure @app_init [ RunTime:0.000000s ]
[ info ] [ CACHE ] INIT File
[ info ] [ BEHAVIOR ] Run Closure @app_init [ RunTime:0.003000s ]
[ info ] [ LANG ] D:\phpStudy\WWW\Wangzhan\yunlibx\thinkphp\lang\zh-cn.php
[ info ] [ ROUTE ] array (
  'type' => 'module',
  'module' => 
  array (
    0 => 'api',
    1 => 'Test',
    2 => 'createM',
  ),
)
[ info ] [ HEADER ] array (
  'cookie' => 'PHPSESSID=6uae9g3lp6g8svopakp5ut68mr',
  'accept-language' => 'zh-CN,zh;q=0.9',
  'accept-encoding' => 'gzip, deflate',
  'accept' => 'text/html,application/xhtml+xml,application/xml;q=0.9,image/webp,image/apng,*/*;q=0.8,application/signed-exchange;v=b3;q=0.9',
  'user-agent' => 'Mozilla/5.0 (Windows NT 6.1; WOW64) AppleWebKit/537.36 (KHTML, like Gecko) Chrome/80.0.3987.163 Safari/537.36',
  'upgrade-insecure-requests' => '1',
  'cache-control' => 'max-age=0',
  'connection' => 'keep-alive',
  'host' => '192.168.2.134',
  'content-length' => '',
  'content-type' => '',
)
[ info ] [ PARAM ] array (
  'a' => '3',
  'b' => '1',
)
[ info ] [ LANG ] D:\phpStudy\WWW\Wangzhan\yunlibx\public/../application/api\lang\zh-cn.php
[ info ] [ BEHAVIOR ] Run app\common\behavior\Common @module_init [ RunTime:0.002000s ]
[ info ] [ RUN ] app\api\controller\Test->createM[ D:\phpStudy\WWW\Wangzhan\yunlibx\application\api\controller\Test.php ]
[ info ] [ LOG ] INIT File
---------------------------------------------------------------
[ 2020-04-21T14:34:09+08:00 ] 192.168.2.134 GET 192.168.2.134/api/Test/createM?a=3&b=1
[运行时间：0.039002s] [吞吐率：25.64req/s] [内存消耗：2,721.96kb] [文件加载：116]
[ info ] [ BEHAVIOR ] Run Closure @app_init [ RunTime:0.000000s ]
[ info ] [ CACHE ] INIT File
[ info ] [ BEHAVIOR ] Run Closure @app_init [ RunTime:0.003000s ]
[ info ] [ LANG ] D:\phpStudy\WWW\Wangzhan\yunlibx\thinkphp\lang\zh-cn.php
[ info ] [ ROUTE ] array (
  'type' => 'module',
  'module' => 
  array (
    0 => 'api',
    1 => 'Test',
    2 => 'createM',
  ),
)
[ info ] [ HEADER ] array (
  'cookie' => 'PHPSESSID=6uae9g3lp6g8svopakp5ut68mr',
  'accept-language' => 'zh-CN,zh;q=0.9',
  'accept-encoding' => 'gzip, deflate',
  'accept' => 'text/html,application/xhtml+xml,application/xml;q=0.9,image/webp,image/apng,*/*;q=0.8,application/signed-exchange;v=b3;q=0.9',
  'user-agent' => 'Mozilla/5.0 (Windows NT 6.1; WOW64) AppleWebKit/537.36 (KHTML, like Gecko) Chrome/80.0.3987.163 Safari/537.36',
  'upgrade-insecure-requests' => '1',
  'cache-control' => 'max-age=0',
  'connection' => 'keep-alive',
  'host' => '192.168.2.134',
  'content-length' => '',
  'content-type' => '',
)
[ info ] [ PARAM ] array (
  'a' => '3',
  'b' => '1',
)
[ info ] [ LANG ] D:\phpStudy\WWW\Wangzhan\yunlibx\public/../application/api\lang\zh-cn.php
[ info ] [ BEHAVIOR ] Run app\common\behavior\Common @module_init [ RunTime:0.002000s ]
[ info ] [ RUN ] app\api\controller\Test->createM[ D:\phpStudy\WWW\Wangzhan\yunlibx\application\api\controller\Test.php ]
[ info ] [ LOG ] INIT File
---------------------------------------------------------------
[ 2020-04-21T14:34:09+08:00 ] 192.168.2.134 GET 192.168.2.134/api/Test/createM?a=3&b=1
[运行时间：0.033002s] [吞吐率：30.30req/s] [内存消耗：2,721.96kb] [文件加载：116]
[ info ] [ BEHAVIOR ] Run Closure @app_init [ RunTime:0.000000s ]
[ info ] [ CACHE ] INIT File
[ info ] [ BEHAVIOR ] Run Closure @app_init [ RunTime:0.003000s ]
[ info ] [ LANG ] D:\phpStudy\WWW\Wangzhan\yunlibx\thinkphp\lang\zh-cn.php
[ info ] [ ROUTE ] array (
  'type' => 'module',
  'module' => 
  array (
    0 => 'api',
    1 => 'Test',
    2 => 'createM',
  ),
)
[ info ] [ HEADER ] array (
  'cookie' => 'PHPSESSID=6uae9g3lp6g8svopakp5ut68mr',
  'accept-language' => 'zh-CN,zh;q=0.9',
  'accept-encoding' => 'gzip, deflate',
  'accept' => 'text/html,application/xhtml+xml,application/xml;q=0.9,image/webp,image/apng,*/*;q=0.8,application/signed-exchange;v=b3;q=0.9',
  'user-agent' => 'Mozilla/5.0 (Windows NT 6.1; WOW64) AppleWebKit/537.36 (KHTML, like Gecko) Chrome/80.0.3987.163 Safari/537.36',
  'upgrade-insecure-requests' => '1',
  'cache-control' => 'max-age=0',
  'connection' => 'keep-alive',
  'host' => '192.168.2.134',
  'content-length' => '',
  'content-type' => '',
)
[ info ] [ PARAM ] array (
  'a' => '3',
  'b' => '1',
)
[ info ] [ LANG ] D:\phpStudy\WWW\Wangzhan\yunlibx\public/../application/api\lang\zh-cn.php
[ info ] [ BEHAVIOR ] Run app\common\behavior\Common @module_init [ RunTime:0.001000s ]
[ info ] [ RUN ] app\api\controller\Test->createM[ D:\phpStudy\WWW\Wangzhan\yunlibx\application\api\controller\Test.php ]
[ info ] [ LOG ] INIT File
---------------------------------------------------------------
[ 2020-04-21T14:35:09+08:00 ] 192.168.2.134 GET 192.168.2.134/api/Test/createM?a=3&b=1
[运行时间：0.045003s] [吞吐率：22.22req/s] [内存消耗：2,776.55kb] [文件加载：120]
[ info ] [ BEHAVIOR ] Run Closure @app_init [ RunTime:0.000000s ]
[ info ] [ CACHE ] INIT File
[ info ] [ BEHAVIOR ] Run Closure @app_init [ RunTime:0.003000s ]
[ info ] [ LANG ] D:\phpStudy\WWW\Wangzhan\yunlibx\thinkphp\lang\zh-cn.php
[ info ] [ ROUTE ] array (
  'type' => 'module',
  'module' => 
  array (
    0 => 'api',
    1 => 'Test',
    2 => 'createM',
  ),
)
[ info ] [ HEADER ] array (
  'cookie' => 'PHPSESSID=6uae9g3lp6g8svopakp5ut68mr',
  'accept-language' => 'zh-CN,zh;q=0.9',
  'accept-encoding' => 'gzip, deflate',
  'accept' => 'text/html,application/xhtml+xml,application/xml;q=0.9,image/webp,image/apng,*/*;q=0.8,application/signed-exchange;v=b3;q=0.9',
  'user-agent' => 'Mozilla/5.0 (Windows NT 6.1; WOW64) AppleWebKit/537.36 (KHTML, like Gecko) Chrome/80.0.3987.163 Safari/537.36',
  'upgrade-insecure-requests' => '1',
  'cache-control' => 'max-age=0',
  'connection' => 'keep-alive',
  'host' => '192.168.2.134',
  'content-length' => '',
  'content-type' => '',
)
[ info ] [ PARAM ] array (
  'a' => '3',
  'b' => '1',
)
[ info ] [ LANG ] D:\phpStudy\WWW\Wangzhan\yunlibx\public/../application/api\lang\zh-cn.php
[ info ] [ BEHAVIOR ] Run app\common\behavior\Common @module_init [ RunTime:0.002000s ]
[ info ] [ RUN ] app\api\controller\Test->createM[ D:\phpStudy\WWW\Wangzhan\yunlibx\application\api\controller\Test.php ]
[ info ] [ LOG ] INIT File
[ error ] [0]类型错误: Return value of app\api\controller\Test::createM() must be of the type integer, string returned[D:\phpStudy\WWW\Wangzhan\yunlibx\application\api\controller\Test.php:98]
---------------------------------------------------------------
[ 2020-04-21T14:35:12+08:00 ] 192.168.2.134 GET 192.168.2.134/api/Test/createM?a=3&b=1
[运行时间：0.048002s] [吞吐率：20.83req/s] [内存消耗：2,776.55kb] [文件加载：120]
[ info ] [ BEHAVIOR ] Run Closure @app_init [ RunTime:0.000000s ]
[ info ] [ CACHE ] INIT File
[ info ] [ BEHAVIOR ] Run Closure @app_init [ RunTime:0.003001s ]
[ info ] [ LANG ] D:\phpStudy\WWW\Wangzhan\yunlibx\thinkphp\lang\zh-cn.php
[ info ] [ ROUTE ] array (
  'type' => 'module',
  'module' => 
  array (
    0 => 'api',
    1 => 'Test',
    2 => 'createM',
  ),
)
[ info ] [ HEADER ] array (
  'cookie' => 'PHPSESSID=6uae9g3lp6g8svopakp5ut68mr',
  'accept-language' => 'zh-CN,zh;q=0.9',
  'accept-encoding' => 'gzip, deflate',
  'accept' => 'text/html,application/xhtml+xml,application/xml;q=0.9,image/webp,image/apng,*/*;q=0.8,application/signed-exchange;v=b3;q=0.9',
  'user-agent' => 'Mozilla/5.0 (Windows NT 6.1; WOW64) AppleWebKit/537.36 (KHTML, like Gecko) Chrome/80.0.3987.163 Safari/537.36',
  'upgrade-insecure-requests' => '1',
  'cache-control' => 'max-age=0',
  'connection' => 'keep-alive',
  'host' => '192.168.2.134',
  'content-length' => '',
  'content-type' => '',
)
[ info ] [ PARAM ] array (
  'a' => '3',
  'b' => '1',
)
[ info ] [ LANG ] D:\phpStudy\WWW\Wangzhan\yunlibx\public/../application/api\lang\zh-cn.php
[ info ] [ BEHAVIOR ] Run app\common\behavior\Common @module_init [ RunTime:0.001000s ]
[ info ] [ RUN ] app\api\controller\Test->createM[ D:\phpStudy\WWW\Wangzhan\yunlibx\application\api\controller\Test.php ]
[ info ] [ LOG ] INIT File
[ error ] [0]类型错误: Return value of app\api\controller\Test::createM() must be of the type integer, string returned[D:\phpStudy\WWW\Wangzhan\yunlibx\application\api\controller\Test.php:98]
